Using pre-set license
Built from '2021.3/staging' branch; Version is '2021.3.0f1 (6eacc8284459) revision 7253192'; Using compiler version '192829333'; Build Type 'Release'
OS: 'Windows 11  (10.0.22000) 64bit Core' Language: 'ko' Physical Memory: 65323 MB
BatchMode: 1, IsHumanControllingUs: 0, StartBugReporterOnCrash: 0, Is64bit: 1, IsPro: 1

COMMAND LINE ARGUMENTS:
C:\Program Files\Unity\Hub\Editor\2021.3.0f1\Editor\Unity.exe
-adb2
-batchMode
-noUpm
-name
AssetImportWorker3
-projectPath
D:/WorkSpace/Portfolio/Game/RunningWarrior
-logFile
Logs/AssetImportWorker3.log
-srvPort
7554
Successfully changed project path to: D:/WorkSpace/Portfolio/Game/RunningWarrior
D:/WorkSpace/Portfolio/Game/RunningWarrior
[UnityMemory] Configuration Parameters - Can be set up in boot.config
    "memorysetup-bucket-allocator-granularity=16"
    "memorysetup-bucket-allocator-bucket-count=8"
    "memorysetup-bucket-allocator-block-size=33554432"
    "memorysetup-bucket-allocator-block-count=8"
    "memorysetup-main-allocator-block-size=16777216"
    "memorysetup-thread-allocator-block-size=16777216"
    "memorysetup-gfx-main-allocator-block-size=16777216"
    "memorysetup-gfx-thread-allocator-block-size=16777216"
    "memorysetup-cache-allocator-block-size=4194304"
    "memorysetup-typetree-allocator-block-size=2097152"
    "memorysetup-profiler-bucket-allocator-granularity=16"
    "memorysetup-profiler-bucket-allocator-bucket-count=8"
    "memorysetup-profiler-bucket-allocator-block-size=33554432"
    "memorysetup-profiler-bucket-allocator-block-count=8"
    "memorysetup-profiler-allocator-block-size=16777216"
    "memorysetup-profiler-editor-allocator-block-size=1048576"
    "memorysetup-temp-allocator-size-main=16777216"
    "memorysetup-job-temp-allocator-block-size=2097152"
    "memorysetup-job-temp-allocator-block-size-background=1048576"
    "memorysetup-job-temp-allocator-reduction-small-platforms=262144"
    "memorysetup-temp-allocator-size-background-worker=32768"
    "memorysetup-temp-allocator-size-job-worker=262144"
    "memorysetup-temp-allocator-size-preload-manager=33554432"
    "memorysetup-temp-allocator-size-nav-mesh-worker=65536"
    "memorysetup-temp-allocator-size-audio-worker=65536"
    "memorysetup-temp-allocator-size-cloud-worker=32768"
    "memorysetup-temp-allocator-size-gi-baking-worker=262144"
    "memorysetup-temp-allocator-size-gfx=262144"
Refreshing native plugins compatible for Editor in 83.36 ms, found 3 plugins.
Preloading 0 native plugins for Editor in 0.00 ms.
Initialize engine version: 2021.3.0f1 (6eacc8284459)
[Subsystems] Discovering subsystems at path C:/Program Files/Unity/Hub/Editor/2021.3.0f1/Editor/Data/Resources/UnitySubsystems
[Subsystems] Discovering subsystems at path D:/WorkSpace/Portfolio/Game/RunningWarrior/Assets
GfxDevice: creating device client; threaded=0; jobified=0
Direct3D:
    Version:  Direct3D 11.0 [level 11.1]
    Renderer: NVIDIA GeForce RTX 3060 Ti (ID=0x2489)
    Vendor:   NVIDIA
    VRAM:     8050 MB
    Driver:   30.0.15.1295
Initialize mono
Mono path[0] = 'C:/Program Files/Unity/Hub/Editor/2021.3.0f1/Editor/Data/Managed'
Mono path[1] = 'C:/Program Files/Unity/Hub/Editor/2021.3.0f1/Editor/Data/MonoBleedingEdge/lib/mono/unityjit-win32'
Mono config path = 'C:/Program Files/Unity/Hub/Editor/2021.3.0f1/Editor/Data/MonoBleedingEdge/etc'
Using monoOptions --debugger-agent=transport=dt_socket,embedding=1,server=y,suspend=n,address=127.0.0.1:56672
Begin MonoManager ReloadAssembly
Registering precompiled unity dll's ...
Register platform support module: C:/Program Files/Unity/Hub/Editor/2021.3.0f1/Editor/Data/PlaybackEngines/WebGLSupport/UnityEditor.WebGL.Extensions.dll
Register platform support module: C:/Program Files/Unity/Hub/Editor/2021.3.0f1/Editor/Data/PlaybackEngines/AndroidPlayer/UnityEditor.Android.Extensions.dll
Register platform support module: C:/Program Files/Unity/Hub/Editor/2021.3.0f1/Editor/Data/PlaybackEngines/WindowsStandaloneSupport/UnityEditor.WindowsStandalone.Extensions.dll
Registered in 0.003168 seconds.
Native extension for WindowsStandalone target not found
Native extension for Android target not found
Native extension for WebGL target not found
Refreshing native plugins compatible for Editor in 58.03 ms, found 3 plugins.
Preloading 0 native plugins for Editor in 0.00 ms.
Mono: successfully reloaded assembly
- Completed reload, in  0.409 seconds
Domain Reload Profiling:
	ReloadAssembly (410ms)
		BeginReloadAssembly (45ms)
			ExecutionOrderSort (0ms)
			DisableScriptedObjects (0ms)
			BackupInstance (0ms)
			ReleaseScriptingObjects (0ms)
			CreateAndSetChildDomain (1ms)
		EndReloadAssembly (296ms)
			LoadAssemblies (43ms)
			RebuildTransferFunctionScriptingTraits (0ms)
			SetupTypeCache (66ms)
			ReleaseScriptCaches (0ms)
			RebuildScriptCaches (17ms)
			SetupLoadedEditorAssemblies (181ms)
				LogAssemblyErrors (0ms)
				InitializePlatformSupportModulesInManaged (36ms)
				SetLoadedEditorAssemblies (0ms)
				RefreshPlugins (58ms)
				BeforeProcessingInitializeOnLoad (1ms)
				ProcessInitializeOnLoadAttributes (56ms)
				ProcessInitializeOnLoadMethodAttributes (30ms)
				AfterProcessingInitializeOnLoad (0ms)
				EditorAssembliesLoaded (0ms)
			ExecutionOrderSort2 (0ms)
			AwakeInstancesAfterBackupRestoration (0ms)
Platform modules already initialized, skipping
Registering precompiled user dll's ...
Registered in 0.002453 seconds.
Begin MonoManager ReloadAssembly
Symbol file LoadedFromMemory doesn't match image D:\WorkSpace\Portfolio\Game\RunningWarrior\Library\PackageCache\com.unity.visualscripting@1.7.8\Editor\VisualScripting.Core\Dependencies\YamlDotNet\Unity.VisualScripting.YamlDotNet.dll
Symbol file LoadedFromMemory doesn't match image D:\WorkSpace\Portfolio\Game\RunningWarrior\Library\PackageCache\com.unity.visualscripting@1.7.8\Editor\VisualScripting.Core\Dependencies\DotNetZip\Unity.VisualScripting.IonicZip.dll
Native extension for WindowsStandalone target not found
Native extension for Android target not found
Native extension for WebGL target not found
Refreshing native plugins compatible for Editor in 0.45 ms, found 3 plugins.
Preloading 0 native plugins for Editor in 0.00 ms.
Mono: successfully reloaded assembly
- Completed reload, in  0.685 seconds
Domain Reload Profiling:
	ReloadAssembly (685ms)
		BeginReloadAssembly (173ms)
			ExecutionOrderSort (0ms)
			DisableScriptedObjects (3ms)
			BackupInstance (0ms)
			ReleaseScriptingObjects (0ms)
			CreateAndSetChildDomain (122ms)
		EndReloadAssembly (447ms)
			LoadAssemblies (44ms)
			RebuildTransferFunctionScriptingTraits (0ms)
			SetupTypeCache (148ms)
			ReleaseScriptCaches (0ms)
			RebuildScriptCaches (28ms)
			SetupLoadedEditorAssemblies (205ms)
				LogAssemblyErrors (0ms)
				InitializePlatformSupportModulesInManaged (9ms)
				SetLoadedEditorAssemblies (0ms)
				RefreshPlugins (0ms)
				BeforeProcessingInitializeOnLoad (51ms)
				ProcessInitializeOnLoadAttributes (128ms)
				ProcessInitializeOnLoadMethodAttributes (13ms)
				AfterProcessingInitializeOnLoad (3ms)
				EditorAssembliesLoaded (0ms)
			ExecutionOrderSort2 (0ms)
			AwakeInstancesAfterBackupRestoration (3ms)
Platform modules already initialized, skipping
========================================================================
Worker process is ready to serve import requests
Launched and connected shader compiler UnityShaderCompiler.exe after 0.03 seconds
Refreshing native plugins compatible for Editor in 0.44 ms, found 3 plugins.
Preloading 0 native plugins for Editor in 0.00 ms.
Unloading 3707 Unused Serialized files (Serialized files now loaded: 0)
Unloading 30 unused Assets / (112.1 KB). Loaded Objects now: 4164.
Memory consumption went from 145.7 MB to 145.5 MB.
Total: 1.926600 ms (FindLiveObjects: 0.167400 ms CreateObjectMapping: 0.072400 ms MarkObjects: 1.626500 ms  DeleteObjects: 0.059800 ms)

AssetImportParameters requested are different than current active one (requested -> active):
  custom:video-decoder-ogg-theora: a1e56fd34408186e4bbccfd4996cb3dc -> 
  custom:container-muxer-webm: aa71ff27fc2769a1b78a27578f13a17b -> 
  custom:container-demuxer-webm: 4f35f7cbe854078d1ac9338744f61a02 -> 
  custom:video-encoder-webm-vp8: eb34c28f22e8b96e1ab97ce403110664 -> 
  custom:audio-encoder-webm-vorbis: bf7c407c2cedff20999df2af8eb42d56 -> 
  custom:framework-win-MediaFoundation: 216162199b28c13a410421893ffa2e32 -> 
  custom:container-demuxer-ogg: 62fdf1f143b41e24485cea50d1cbac27 -> 
  custom:video-decoder-webm-vp8: 9c59270c3fd7afecdb556c50c9e8de78 -> 
  custom:audio-decoder-ogg-vorbis: bf7c407c2cedff20999df2af8eb42d56 -> 
========================================================================
Received Import Request.
  Time since last request: 608713.913567 seconds.
  path: Assets/AssetsStoreDownload/BayatGames/Free Platform Game Assets/Chests/New Chests ( Update 1.8.5 )/png/Separate/Model-1/4x/2-4x.png
  artifactKey: Guid(9e19bafb38e19d24cbad251335d65166) Importer(815301076,1909f56bfc062723c751e8b465ee728b)
Start importing Assets/AssetsStoreDownload/BayatGames/Free Platform Game Assets/Chests/New Chests ( Update 1.8.5 )/png/Separate/Model-1/4x/2-4x.png using Guid(9e19bafb38e19d24cbad251335d65166) Importer(815301076,1909f56bfc062723c751e8b465ee728b)  -> (artifact id: 'b3ff3f5b982e2ee5d7805c9b29df73f0') in 0.142232 seconds 
========================================================================
Received Import Request.
  Time since last request: 0.000022 seconds.
  path: Assets/AssetsStoreDownload/BayatGames/Free Platform Game Assets/Chests/Chest/png/Sliced/Sliced 1/1x/body-4-1x.png
  artifactKey: Guid(aebf089a0507f2049907f66691742033) Importer(815301076,1909f56bfc062723c751e8b465ee728b)
Start importing Assets/AssetsStoreDownload/BayatGames/Free Platform Game Assets/Chests/Chest/png/Sliced/Sliced 1/1x/body-4-1x.png using Guid(aebf089a0507f2049907f66691742033) Importer(815301076,1909f56bfc062723c751e8b465ee728b)  -> (artifact id: '4417846ddde502635dc692f7d24e1dc5') in 0.019520 seconds 
========================================================================
Received Import Request.
  Time since last request: 0.000027 seconds.
  path: Assets/AssetsStoreDownload/BayatGames/Free Platform Game Assets/Chests/Chest/png/Sliced/Sliced 2/1x/bodyInnerPiece-5-ForBody6-1x.png
  artifactKey: Guid(d04184f130c02104b9c9f81a96b80ef4) Importer(815301076,1909f56bfc062723c751e8b465ee728b)
Start importing Assets/AssetsStoreDownload/BayatGames/Free Platform Game Assets/Chests/Chest/png/Sliced/Sliced 2/1x/bodyInnerPiece-5-ForBody6-1x.png using Guid(d04184f130c02104b9c9f81a96b80ef4) Importer(815301076,1909f56bfc062723c751e8b465ee728b)  -> (artifact id: '16c677a4188491ba2bc6638d8b5a8cbc') in 0.012453 seconds 
========================================================================
Received Import Request.
  Time since last request: 0.000023 seconds.
  path: Assets/AssetsStoreDownload/BayatGames/Free Platform Game Assets/Water Animation/2D view ( Update 1.9 )/512x512/13-4x.png
  artifactKey: Guid(26e4da524476ff348b7a168a22adb7f3) Importer(815301076,1909f56bfc062723c751e8b465ee728b)
Start importing Assets/AssetsStoreDownload/BayatGames/Free Platform Game Assets/Water Animation/2D view ( Update 1.9 )/512x512/13-4x.png using Guid(26e4da524476ff348b7a168a22adb7f3) Importer(815301076,1909f56bfc062723c751e8b465ee728b)  -> (artifact id: '402e3ce9149a96d2f5143fa2b8435b1d') in 0.021280 seconds 
========================================================================
Received Import Request.
  Time since last request: 0.000023 seconds.
  path: Assets/AssetsStoreDownload/BayatGames/Free Platform Game Assets/Environments/Environments/png/All/2x/Asset 2.png
  artifactKey: Guid(f9fe5cf468717be439bfd40a409758d8) Importer(815301076,1909f56bfc062723c751e8b465ee728b)
Start importing Assets/AssetsStoreDownload/BayatGames/Free Platform Game Assets/Environments/Environments/png/All/2x/Asset 2.png using Guid(f9fe5cf468717be439bfd40a409758d8) Importer(815301076,1909f56bfc062723c751e8b465ee728b)  -> (artifact id: '1eb4f1b65d112fc5f238ef43440eccd5') in 0.028091 seconds 
========================================================================
Received Import Request.
  Time since last request: 0.000023 seconds.
  path: Assets/AssetsStoreDownload/BayatGames/Free Platform Game Assets/Environments/Environments/png/All/1x/Asset 13.png
  artifactKey: Guid(d221730c01058aa478acf0e7cebf2925) Importer(815301076,1909f56bfc062723c751e8b465ee728b)
Start importing Assets/AssetsStoreDownload/BayatGames/Free Platform Game Assets/Environments/Environments/png/All/1x/Asset 13.png using Guid(d221730c01058aa478acf0e7cebf2925) Importer(815301076,1909f56bfc062723c751e8b465ee728b)  -> (artifact id: 'f3ee6f10f0b91447ec238b381978ab1c') in 0.012703 seconds 
========================================================================
Received Import Request.
  Time since last request: 0.000015 seconds.
  path: Assets/AssetsStoreDownload/BayatGames/Free Platform Game Assets/Water Animation/2D view ( Update 1.9 )/512x512/16-4x.png
  artifactKey: Guid(64c6441f8cfcc4c47864393173646f3e) Importer(815301076,1909f56bfc062723c751e8b465ee728b)
Start importing Assets/AssetsStoreDownload/BayatGames/Free Platform Game Assets/Water Animation/2D view ( Update 1.9 )/512x512/16-4x.png using Guid(64c6441f8cfcc4c47864393173646f3e) Importer(815301076,1909f56bfc062723c751e8b465ee728b)  -> (artifact id: '407df9d821dc0afe5f6daec4f0ef330e') in 0.027322 seconds 
========================================================================
Received Import Request.
  Time since last request: 0.000020 seconds.
  path: Assets/AssetsStoreDownload/BayatGames/Free Platform Game Assets/Coin Animation/png/2048x256.png
  artifactKey: Guid(9ccd8d5de8d5bbd4b827fb2881e498f1) Importer(815301076,1909f56bfc062723c751e8b465ee728b)
Start importing Assets/AssetsStoreDownload/BayatGames/Free Platform Game Assets/Coin Animation/png/2048x256.png using Guid(9ccd8d5de8d5bbd4b827fb2881e498f1) Importer(815301076,1909f56bfc062723c751e8b465ee728b)  -> (artifact id: '1efbeb718e5cb1d8f36171e2eedd5ad1') in 0.054520 seconds 
========================================================================
Received Import Request.
  Time since last request: 0.000013 seconds.
  path: Assets/AssetsStoreDownload/BayatGames/Free Platform Game Assets/Chests/Chest/png/Sliced/Sliced 2/2x/bodyInnerPiece-1-ForBody2-2x.png
  artifactKey: Guid(39abaf8753e412042a0c7ab8294c87f7) Importer(815301076,1909f56bfc062723c751e8b465ee728b)
Start importing Assets/AssetsStoreDownload/BayatGames/Free Platform Game Assets/Chests/Chest/png/Sliced/Sliced 2/2x/bodyInnerPiece-1-ForBody2-2x.png using Guid(39abaf8753e412042a0c7ab8294c87f7) Importer(815301076,1909f56bfc062723c751e8b465ee728b)  -> (artifact id: '8f1a8dc2ce37ccc1dc9a8817c229e02b') in 0.014735 seconds 
========================================================================
Received Import Request.
  Time since last request: 0.000024 seconds.
  path: Assets/AssetsStoreDownload/BayatGames/Free Platform Game Assets/Enemies/New Enemy ( Update 1.9 )/4x/2D Mac View/2D Mace View Body.png
  artifactKey: Guid(898c36d1feb1ee14faee2a8a8d8fc106) Importer(815301076,1909f56bfc062723c751e8b465ee728b)
Start importing Assets/AssetsStoreDownload/BayatGames/Free Platform Game Assets/Enemies/New Enemy ( Update 1.9 )/4x/2D Mac View/2D Mace View Body.png using Guid(898c36d1feb1ee14faee2a8a8d8fc106) Importer(815301076,1909f56bfc062723c751e8b465ee728b)  -> (artifact id: 'b6fe5aebd45c8fcd6ec966e461723438') in 0.052444 seconds 
========================================================================
Received Import Request.
  Time since last request: 0.000023 seconds.
  path: Assets/AssetsStoreDownload/BayatGames/Free Platform Game Assets/Chests/New Chests ( Update 1.8.5 )/png/Sliced/Model-1/2x/bodyInnerPiece-2x.png
  artifactKey: Guid(2ef9c69a7b7bb3749addd46259548c8f) Importer(815301076,1909f56bfc062723c751e8b465ee728b)
Start importing Assets/AssetsStoreDownload/BayatGames/Free Platform Game Assets/Chests/New Chests ( Update 1.8.5 )/png/Sliced/Model-1/2x/bodyInnerPiece-2x.png using Guid(2ef9c69a7b7bb3749addd46259548c8f) Importer(815301076,1909f56bfc062723c751e8b465ee728b)  -> (artifact id: '58cbd83df864bd451ee7a64579e19370') in 0.016743 seconds 
========================================================================
Received Import Request.
  Time since last request: 0.000022 seconds.
  path: Assets/AssetsStoreDownload/BayatGames/Free Platform Game Assets/Chests/Chest/png/Sliced/Sliced 2/1x/bodyWithoutInnerPiece-1-1x.png
  artifactKey: Guid(a2c4fdbd41e90004ab7308e48ee8f76a) Importer(815301076,1909f56bfc062723c751e8b465ee728b)
Start importing Assets/AssetsStoreDownload/BayatGames/Free Platform Game Assets/Chests/Chest/png/Sliced/Sliced 2/1x/bodyWithoutInnerPiece-1-1x.png using Guid(a2c4fdbd41e90004ab7308e48ee8f76a) Importer(815301076,1909f56bfc062723c751e8b465ee728b)  -> (artifact id: 'c3642f82983bf6cab00c4804898935fd') in 0.010466 seconds 
========================================================================
Received Import Request.
  Time since last request: 0.000024 seconds.
  path: Assets/AssetsStoreDownload/BayatGames/Free Platform Game Assets/Enemies/New Enemy ( Update 1.9 )/8x/2D Mace View/2D Mace View.png
  artifactKey: Guid(8901a79ef817b2649b877d6b3bb5370f) Importer(815301076,1909f56bfc062723c751e8b465ee728b)
Start importing Assets/AssetsStoreDownload/BayatGames/Free Platform Game Assets/Enemies/New Enemy ( Update 1.9 )/8x/2D Mace View/2D Mace View.png using Guid(8901a79ef817b2649b877d6b3bb5370f) Importer(815301076,1909f56bfc062723c751e8b465ee728b)  -> (artifact id: 'c94cf12fc4d31b1336a7887e12f97005') in 0.200470 seconds 
========================================================================
Received Import Request.
  Time since last request: 0.000028 seconds.
  path: Assets/AssetsStoreDownload/BayatGames/Free Platform Game Assets/Backgrounds/Background/png/1920x1080/Background/Background.png
  artifactKey: Guid(a52c61e4d863eb24eb1a6cec742bd3ff) Importer(815301076,1909f56bfc062723c751e8b465ee728b)
Start importing Assets/AssetsStoreDownload/BayatGames/Free Platform Game Assets/Backgrounds/Background/png/1920x1080/Background/Background.png using Guid(a52c61e4d863eb24eb1a6cec742bd3ff) Importer(815301076,1909f56bfc062723c751e8b465ee728b)  -> (artifact id: 'd0c5c736d5517b5b3e75bb6544ea5705') in 0.080329 seconds 
========================================================================
Received Import Request.
  Time since last request: 0.000020 seconds.
  path: Assets/AssetsStoreDownload/BayatGames/Free Platform Game Assets/Character/Character Animation ( Update 1.8 )/Idle/2x.png
  artifactKey: Guid(6bd1c00f5f6ecc746b6e2277f8a7d292) Importer(815301076,1909f56bfc062723c751e8b465ee728b)
Start importing Assets/AssetsStoreDownload/BayatGames/Free Platform Game Assets/Character/Character Animation ( Update 1.8 )/Idle/2x.png using Guid(6bd1c00f5f6ecc746b6e2277f8a7d292) Importer(815301076,1909f56bfc062723c751e8b465ee728b)  -> (artifact id: '1337e58c810e105619c86aad58f88845') in 0.028325 seconds 
========================================================================
Received Import Request.
  Time since last request: 0.000021 seconds.
  path: Assets/AssetsStoreDownload/BayatGames/Free Platform Game Assets/Environments/Environments/png/All/2x/Asset 13.png
  artifactKey: Guid(a09def66ddbd2154d8527411fec4cf32) Importer(815301076,1909f56bfc062723c751e8b465ee728b)
Start importing Assets/AssetsStoreDownload/BayatGames/Free Platform Game Assets/Environments/Environments/png/All/2x/Asset 13.png using Guid(a09def66ddbd2154d8527411fec4cf32) Importer(815301076,1909f56bfc062723c751e8b465ee728b)  -> (artifact id: '927c222bd183d265cf8ffbe54c54bfae') in 0.011369 seconds 
========================================================================
Received Import Request.
  Time since last request: 0.000013 seconds.
  path: Assets/AssetsStoreDownload/BayatGames/Free Platform Game Assets/Water Animation/2D view ( Update 1.9 )/256x256/12-2x.png
  artifactKey: Guid(785d74e266956cc46a81814c6e7745bd) Importer(815301076,1909f56bfc062723c751e8b465ee728b)
Start importing Assets/AssetsStoreDownload/BayatGames/Free Platform Game Assets/Water Animation/2D view ( Update 1.9 )/256x256/12-2x.png using Guid(785d74e266956cc46a81814c6e7745bd) Importer(815301076,1909f56bfc062723c751e8b465ee728b)  -> (artifact id: '0f3cad2c9273fda329d6df40dbcb0a56') in 0.014884 seconds 
========================================================================
Received Import Request.
  Time since last request: 0.000026 seconds.
  path: Assets/AssetsStoreDownload/BayatGames/Free Platform Game Assets/Chests/Chest/png/Sliced/Sliced 2/1x/bodyInnerPiece-4-ForBody5-1x.png
  artifactKey: Guid(c97b85a9de1006e4f9d463b722f31607) Importer(815301076,1909f56bfc062723c751e8b465ee728b)
Start importing Assets/AssetsStoreDownload/BayatGames/Free Platform Game Assets/Chests/Chest/png/Sliced/Sliced 2/1x/bodyInnerPiece-4-ForBody5-1x.png using Guid(c97b85a9de1006e4f9d463b722f31607) Importer(815301076,1909f56bfc062723c751e8b465ee728b)  -> (artifact id: 'f31eb7bf6f15d849f68e7f8afcc6aaf7') in 0.015017 seconds 
========================================================================
Received Import Request.
  Time since last request: 0.000022 seconds.
  path: Assets/AssetsStoreDownload/BayatGames/Free Platform Game Assets/Chests/New Chests ( Update 1.8.5 )/png/Sliced/Model-1/2x/body-2x.png
  artifactKey: Guid(7f1874d09fb0bd7479b8cb30e3f7059f) Importer(815301076,1909f56bfc062723c751e8b465ee728b)
Start importing Assets/AssetsStoreDownload/BayatGames/Free Platform Game Assets/Chests/New Chests ( Update 1.8.5 )/png/Sliced/Model-1/2x/body-2x.png using Guid(7f1874d09fb0bd7479b8cb30e3f7059f) Importer(815301076,1909f56bfc062723c751e8b465ee728b)  -> (artifact id: 'c78b7b5a30aa9ef93b67041125a71240') in 0.019224 seconds 
========================================================================
Received Import Request.
  Time since last request: 0.000018 seconds.
  path: Assets/AssetsStoreDownload/BayatGames/Free Platform Game Assets/Chests/New Chests ( Update 1.8.5 )/png/Separate/Model-1/2x/9-2x.png
  artifactKey: Guid(8c9da4ba7313f5e49a40922be2590358) Importer(815301076,1909f56bfc062723c751e8b465ee728b)
Start importing Assets/AssetsStoreDownload/BayatGames/Free Platform Game Assets/Chests/New Chests ( Update 1.8.5 )/png/Separate/Model-1/2x/9-2x.png using Guid(8c9da4ba7313f5e49a40922be2590358) Importer(815301076,1909f56bfc062723c751e8b465ee728b)  -> (artifact id: '8344ccec9bb513e2c4d1fe7e4b1e60bf') in 0.023712 seconds 
========================================================================
Received Import Request.
  Time since last request: 0.000019 seconds.
  path: Assets/AssetsStoreDownload/BayatGames/Free Platform Game Assets/Enemies/New Enemy ( Update 1.9 )/2x/Circle.png
  artifactKey: Guid(2acb556981f73e14680b42ae742f93cf) Importer(815301076,1909f56bfc062723c751e8b465ee728b)
Start importing Assets/AssetsStoreDownload/BayatGames/Free Platform Game Assets/Enemies/New Enemy ( Update 1.9 )/2x/Circle.png using Guid(2acb556981f73e14680b42ae742f93cf) Importer(815301076,1909f56bfc062723c751e8b465ee728b)  -> (artifact id: '8d7752b78aa9c62711d1f6c328799d61') in 0.015968 seconds 
========================================================================
Received Import Request.
  Time since last request: 0.000016 seconds.
  path: Assets/AssetsStoreDownload/BayatGames/Free Platform Game Assets/Tiles/2.5D Tiles/Spring/png/256x256/column_down.png
  artifactKey: Guid(46ad2922f94db164c887e55298f93e96) Importer(815301076,1909f56bfc062723c751e8b465ee728b)
Start importing Assets/AssetsStoreDownload/BayatGames/Free Platform Game Assets/Tiles/2.5D Tiles/Spring/png/256x256/column_down.png using Guid(46ad2922f94db164c887e55298f93e96) Importer(815301076,1909f56bfc062723c751e8b465ee728b)  -> (artifact id: '663b144850c110ffd411d89cd7372d86') in 0.011522 seconds 
========================================================================
Received Import Request.
  Time since last request: 0.000026 seconds.
  path: Assets/AssetsStoreDownload/Simple 2D Platformer BE2/Sprites/Objects.png
  artifactKey: Guid(f73dfe034c22cfc41bd7e8799020a5ac) Importer(815301076,1909f56bfc062723c751e8b465ee728b)
Start importing Assets/AssetsStoreDownload/Simple 2D Platformer BE2/Sprites/Objects.png using Guid(f73dfe034c22cfc41bd7e8799020a5ac) Importer(815301076,1909f56bfc062723c751e8b465ee728b)  -> (artifact id: '95659e4ae312932de5b083d413cdcc92') in 0.011610 seconds 
========================================================================
Received Import Request.
  Time since last request: 0.000016 seconds.
  path: Assets/AssetsStoreDownload/BayatGames/Free Platform Game Assets/Tiles/2D Tiles ( Update 1.9 )/Spring/512x512/GrassHillLeft.png
  artifactKey: Guid(65464371f54811e4a83bd0a7586ac814) Importer(815301076,1909f56bfc062723c751e8b465ee728b)
Start importing Assets/AssetsStoreDownload/BayatGames/Free Platform Game Assets/Tiles/2D Tiles ( Update 1.9 )/Spring/512x512/GrassHillLeft.png using Guid(65464371f54811e4a83bd0a7586ac814) Importer(815301076,1909f56bfc062723c751e8b465ee728b)  -> (artifact id: 'd071592444fdf15ce423db5256c4aaf5') in 0.018166 seconds 
========================================================================
Received Import Request.
  Time since last request: 0.000020 seconds.
  path: Assets/AssetsStoreDownload/BayatGames/Free Platform Game Assets/Tiles/2.5D Tiles/Winter ( Update 1.9 )/128x128/GrassJoinHillLeft&Right.png
  artifactKey: Guid(0a4e7b9574ef55d4fb4fe4b71ea62e1c) Importer(815301076,1909f56bfc062723c751e8b465ee728b)
Start importing Assets/AssetsStoreDownload/BayatGames/Free Platform Game Assets/Tiles/2.5D Tiles/Winter ( Update 1.9 )/128x128/GrassJoinHillLeft&Right.png using Guid(0a4e7b9574ef55d4fb4fe4b71ea62e1c) Importer(815301076,1909f56bfc062723c751e8b465ee728b)  -> (artifact id: '88a321a99f0f6be5ff330458ce4de353') in 0.011938 seconds 
========================================================================
Received Import Request.
  Time since last request: 0.000031 seconds.
  path: Assets/AssetsStoreDownload/BayatGames/Free Platform Game Assets/Tiles/2D Tiles ( Update 1.9 )/Winter/256x256/GrassJoinHillRight&Left.png
  artifactKey: Guid(d16c40392eba5c14195c0e722310d941) Importer(815301076,1909f56bfc062723c751e8b465ee728b)
Start importing Assets/AssetsStoreDownload/BayatGames/Free Platform Game Assets/Tiles/2D Tiles ( Update 1.9 )/Winter/256x256/GrassJoinHillRight&Left.png using Guid(d16c40392eba5c14195c0e722310d941) Importer(815301076,1909f56bfc062723c751e8b465ee728b)  -> (artifact id: '7c5aeed359e9624ab1b359baf95b9180') in 0.012078 seconds 
========================================================================
Received Import Request.
  Time since last request: 0.000021 seconds.
  path: Assets/AssetsStoreDownload/BayatGames/Free Platform Game Assets/Tiles/2.5D Tiles/Autumn ( Update 1.9 )/512x512/GrassJoinHillRight2.png
  artifactKey: Guid(05a40edca8366cf449610346a8aebbdb) Importer(815301076,1909f56bfc062723c751e8b465ee728b)
Start importing Assets/AssetsStoreDownload/BayatGames/Free Platform Game Assets/Tiles/2.5D Tiles/Autumn ( Update 1.9 )/512x512/GrassJoinHillRight2.png using Guid(05a40edca8366cf449610346a8aebbdb) Importer(815301076,1909f56bfc062723c751e8b465ee728b)  -> (artifact id: '2f1dd10222ace4fbe1a2e9427746dd74') in 0.016524 seconds 
========================================================================
Received Import Request.
  Time since last request: 0.000014 seconds.
  path: Assets/AssetsStoreDownload/BayatGames/Free Platform Game Assets/Tiles/2.5D Tiles/Autumn ( Update 1.9 )/128x128/GrassJoinHillLeft2 WithDropShadow.png
  artifactKey: Guid(4b940381d8552924582425258ad83f2c) Importer(815301076,1909f56bfc062723c751e8b465ee728b)
Start importing Assets/AssetsStoreDownload/BayatGames/Free Platform Game Assets/Tiles/2.5D Tiles/Autumn ( Update 1.9 )/128x128/GrassJoinHillLeft2 WithDropShadow.png using Guid(4b940381d8552924582425258ad83f2c) Importer(815301076,1909f56bfc062723c751e8b465ee728b)  -> (artifact id: 'ec57d467f9512a2468f5074f714f72c4') in 0.010235 seconds 
========================================================================
Received Import Request.
  Time since last request: 0.000021 seconds.
  path: Assets/AssetsStoreDownload/BayatGames/Free Platform Game Assets/Tiles/2D Tiles ( Update 1.9 )/Spring/128x128/GrassCliffMid.png
  artifactKey: Guid(1af3f64c5b272d64b90095605c6f2eab) Importer(815301076,1909f56bfc062723c751e8b465ee728b)
Start importing Assets/AssetsStoreDownload/BayatGames/Free Platform Game Assets/Tiles/2D Tiles ( Update 1.9 )/Spring/128x128/GrassCliffMid.png using Guid(1af3f64c5b272d64b90095605c6f2eab) Importer(815301076,1909f56bfc062723c751e8b465ee728b)  -> (artifact id: 'ddec162ba1c9e5e1a16d9aa069753806') in 0.012219 seconds 
========================================================================
Received Import Request.
  Time since last request: 0.000017 seconds.
  path: Assets/AssetsStoreDownload/BayatGames/Free Platform Game Assets/Tiles/2D Tiles ( Update 1.9 )/Spring/256x256/GrassJoinHillRight2.png
  artifactKey: Guid(788a42c5674b6114ebaeb435f455bef7) Importer(815301076,1909f56bfc062723c751e8b465ee728b)
Start importing Assets/AssetsStoreDownload/BayatGames/Free Platform Game Assets/Tiles/2D Tiles ( Update 1.9 )/Spring/256x256/GrassJoinHillRight2.png using Guid(788a42c5674b6114ebaeb435f455bef7) Importer(815301076,1909f56bfc062723c751e8b465ee728b)  -> (artifact id: '96469060880d00131e966a5866025439') in 0.011500 seconds 
========================================================================
Received Import Request.
  Time since last request: 0.000023 seconds.
  path: Assets/AssetsStoreDownload/BayatGames/Free Platform Game Assets/Tiles/2D Tiles ( Update 1.9 )/Autumn/512x512/GrassCliffMid.png
  artifactKey: Guid(24060c96663a0ba4b958e9f8293b5905) Importer(815301076,1909f56bfc062723c751e8b465ee728b)
Start importing Assets/AssetsStoreDownload/BayatGames/Free Platform Game Assets/Tiles/2D Tiles ( Update 1.9 )/Autumn/512x512/GrassCliffMid.png using Guid(24060c96663a0ba4b958e9f8293b5905) Importer(815301076,1909f56bfc062723c751e8b465ee728b)  -> (artifact id: '2af9f0cbcfcf6c510b32a5ea0bc68200') in 0.018927 seconds 
========================================================================
Received Import Request.
  Time since last request: 0.000019 seconds.
  path: Assets/AssetsStoreDownload/BayatGames/Free Platform Game Assets/Chests/New Chests ( Update 1.8.5 )/png/Sliced/Model-1/1x/headInnerPiece-3-ForHead-7-1x.png
  artifactKey: Guid(88384e906716a7b449557dd18524970a) Importer(815301076,1909f56bfc062723c751e8b465ee728b)
Start importing Assets/AssetsStoreDownload/BayatGames/Free Platform Game Assets/Chests/New Chests ( Update 1.8.5 )/png/Sliced/Model-1/1x/headInnerPiece-3-ForHead-7-1x.png using Guid(88384e906716a7b449557dd18524970a) Importer(815301076,1909f56bfc062723c751e8b465ee728b)  -> (artifact id: '57e38d2e9c8b5113c563913185185608') in 0.016074 seconds 
========================================================================
Received Import Request.
  Time since last request: 0.000019 seconds.
  path: Assets/AssetsStoreDownload/BayatGames/Free Platform Game Assets/Tiles/2.5D Tiles/Winter ( Update 1.9 )/128x128/GrassJoinHillLeft2 WithDropShadow.png
  artifactKey: Guid(69c4e2e229b045b42bf93a036f1db9da) Importer(815301076,1909f56bfc062723c751e8b465ee728b)
Start importing Assets/AssetsStoreDownload/BayatGames/Free Platform Game Assets/Tiles/2.5D Tiles/Winter ( Update 1.9 )/128x128/GrassJoinHillLeft2 WithDropShadow.png using Guid(69c4e2e229b045b42bf93a036f1db9da) Importer(815301076,1909f56bfc062723c751e8b465ee728b)  -> (artifact id: 'ce4fba3ec492ffc8ad59c8e4d41821db') in 0.010610 seconds 
========================================================================
Received Import Request.
  Time since last request: 0.000018 seconds.
  path: Assets/AssetsStoreDownload/BayatGames/Free Platform Game Assets/Chests/Chest/png/Sliced/Sliced 2/2x/headWithoutInnerPiece-2-2x.png
  artifactKey: Guid(689a9c0e2dc62f946998bed0530b0944) Importer(815301076,1909f56bfc062723c751e8b465ee728b)
Start importing Assets/AssetsStoreDownload/BayatGames/Free Platform Game Assets/Chests/Chest/png/Sliced/Sliced 2/2x/headWithoutInnerPiece-2-2x.png using Guid(689a9c0e2dc62f946998bed0530b0944) Importer(815301076,1909f56bfc062723c751e8b465ee728b)  -> (artifact id: 'dbe33b2134e898299dbf2f12e7d770ac') in 0.016097 seconds 
========================================================================
Received Import Request.
  Time since last request: 0.000022 seconds.
  path: Assets/AssetsStoreDownload/BayatGames/Free Platform Game Assets/Tiles/2D Tiles ( Update 1.9 )/Autumn/128x128/GrassColumn.png
  artifactKey: Guid(d171fb091351c454492d8c6c8b00da87) Importer(815301076,1909f56bfc062723c751e8b465ee728b)
Start importing Assets/AssetsStoreDownload/BayatGames/Free Platform Game Assets/Tiles/2D Tiles ( Update 1.9 )/Autumn/128x128/GrassColumn.png using Guid(d171fb091351c454492d8c6c8b00da87) Importer(815301076,1909f56bfc062723c751e8b465ee728b)  -> (artifact id: '232f51c69ce90ddf3ee6b1f41601c4d9') in 0.009769 seconds 
========================================================================
Received Import Request.
  Time since last request: 0.000019 seconds.
  path: Assets/AssetsStoreDownload/BayatGames/Free Platform Game Assets/Enemies/New Enemy ( Update 1.9 )/2x/Chain-1.png
  artifactKey: Guid(5d7a1774f79833a40843a636e4578560) Importer(815301076,1909f56bfc062723c751e8b465ee728b)
Start importing Assets/AssetsStoreDownload/BayatGames/Free Platform Game Assets/Enemies/New Enemy ( Update 1.9 )/2x/Chain-1.png using Guid(5d7a1774f79833a40843a636e4578560) Importer(815301076,1909f56bfc062723c751e8b465ee728b)  -> (artifact id: 'fba064bf62ec06a51d286cbef1e5303a') in 0.010393 seconds 
========================================================================
Received Import Request.
  Time since last request: 0.000020 seconds.
  path: Assets/AssetsStoreDownload/BayatGames/Free Platform Game Assets/Tiles/2D Tiles ( Update 1.9 )/Spring/256x256/GrassJoinHillLeft2 DownShadow.png
  artifactKey: Guid(59c87abf501fa4647ae33e5dc7c36c94) Importer(815301076,1909f56bfc062723c751e8b465ee728b)
Start importing Assets/AssetsStoreDownload/BayatGames/Free Platform Game Assets/Tiles/2D Tiles ( Update 1.9 )/Spring/256x256/GrassJoinHillLeft2 DownShadow.png using Guid(59c87abf501fa4647ae33e5dc7c36c94) Importer(815301076,1909f56bfc062723c751e8b465ee728b)  -> (artifact id: 'c9a0cb2754457a30f4457cf5fbe7c084') in 0.011234 seconds 
========================================================================
Received Import Request.
  Time since last request: 0.000020 seconds.
  path: Assets/AssetsStoreDownload/BayatGames/Free Platform Game Assets/Chests/New Chests ( Update 1.8.5 )/png/Sliced/Model-1/1x/head-5-1x.png
  artifactKey: Guid(188f3f55b6fa3414893661e0ea6b03bf) Importer(815301076,1909f56bfc062723c751e8b465ee728b)
Start importing Assets/AssetsStoreDownload/BayatGames/Free Platform Game Assets/Chests/New Chests ( Update 1.8.5 )/png/Sliced/Model-1/1x/head-5-1x.png using Guid(188f3f55b6fa3414893661e0ea6b03bf) Importer(815301076,1909f56bfc062723c751e8b465ee728b)  -> (artifact id: '072b1201a1c49687e2d40638fe9156ac') in 0.013426 seconds 
========================================================================
Received Import Request.
  Time since last request: 0.000026 seconds.
  path: Assets/AssetsStoreDownload/BayatGames/Free Platform Game Assets/Enemies/New Enemy ( Update 1.9 )/2x/Chain-2.png
  artifactKey: Guid(7015a74864f2f2347ba7b26e57402c51) Importer(815301076,1909f56bfc062723c751e8b465ee728b)
Start importing Assets/AssetsStoreDownload/BayatGames/Free Platform Game Assets/Enemies/New Enemy ( Update 1.9 )/2x/Chain-2.png using Guid(7015a74864f2f2347ba7b26e57402c51) Importer(815301076,1909f56bfc062723c751e8b465ee728b)  -> (artifact id: 'f661281c7151438110762d9e010c016f') in 0.010805 seconds 
========================================================================
Received Import Request.
  Time since last request: 0.000017 seconds.
  path: Assets/AssetsStoreDownload/BayatGames/Free Platform Game Assets/Water Animation/2D view ( Update 1.9 )/256x256/14-2x.png
  artifactKey: Guid(fc0e215a7832de44dada7c2dd63ed1c1) Importer(815301076,1909f56bfc062723c751e8b465ee728b)
Start importing Assets/AssetsStoreDownload/BayatGames/Free Platform Game Assets/Water Animation/2D view ( Update 1.9 )/256x256/14-2x.png using Guid(fc0e215a7832de44dada7c2dd63ed1c1) Importer(815301076,1909f56bfc062723c751e8b465ee728b)  -> (artifact id: '9bf6b2a8a87fe3a46c3b70b991ee97d8') in 0.011822 seconds 
========================================================================
Received Import Request.
  Time since last request: 0.000018 seconds.
  path: Assets/AssetsStoreDownload/BayatGames/Free Platform Game Assets/Environments/New Details ( Update 1.9 )/8x/Bush.png
  artifactKey: Guid(f390f0effc03cd64c8e09fd4faa570cd) Importer(815301076,1909f56bfc062723c751e8b465ee728b)
Start importing Assets/AssetsStoreDownload/BayatGames/Free Platform Game Assets/Environments/New Details ( Update 1.9 )/8x/Bush.png using Guid(f390f0effc03cd64c8e09fd4faa570cd) Importer(815301076,1909f56bfc062723c751e8b465ee728b)  -> (artifact id: '828a7a5153bd049cac3ba8fb8933f144') in 0.029470 seconds 
========================================================================
Received Import Request.
  Time since last request: 0.000029 seconds.
  path: Assets/AssetsStoreDownload/BayatGames/Free Platform Game Assets/Environments/New Details ( Update 1.9 )/2x/Flower-3.png
  artifactKey: Guid(41cccea4cdff96e46b4643d6b38e07b2) Importer(815301076,1909f56bfc062723c751e8b465ee728b)
Start importing Assets/AssetsStoreDownload/BayatGames/Free Platform Game Assets/Environments/New Details ( Update 1.9 )/2x/Flower-3.png using Guid(41cccea4cdff96e46b4643d6b38e07b2) Importer(815301076,1909f56bfc062723c751e8b465ee728b)  -> (artifact id: 'd96f5f67d5e2460b47a6675fbcdb5c8e') in 0.019513 seconds 
========================================================================
Received Import Request.
  Time since last request: 0.000014 seconds.
  path: Assets/AssetsStoreDownload/BayatGames/Free Platform Game Assets/Environments/Environments/png/All/1x/Asset 4.png
  artifactKey: Guid(a6a122b38547e0a458af7a1d2263167f) Importer(815301076,1909f56bfc062723c751e8b465ee728b)
Start importing Assets/AssetsStoreDownload/BayatGames/Free Platform Game Assets/Environments/Environments/png/All/1x/Asset 4.png using Guid(a6a122b38547e0a458af7a1d2263167f) Importer(815301076,1909f56bfc062723c751e8b465ee728b)  -> (artifact id: '051cbce9b866ec30e239d2c52315fac8') in 0.013546 seconds 
========================================================================
Received Import Request.
  Time since last request: 0.000026 seconds.
  path: Assets/AssetsStoreDownload/BayatGames/Free Platform Game Assets/Tiles/2.5D Tiles/Autumn ( Update 1.9 )/128x128/GrassJoinHillRight2&Left2.png
  artifactKey: Guid(86f877676106de24d83abea31d0ea644) Importer(815301076,1909f56bfc062723c751e8b465ee728b)
Start importing Assets/AssetsStoreDownload/BayatGames/Free Platform Game Assets/Tiles/2.5D Tiles/Autumn ( Update 1.9 )/128x128/GrassJoinHillRight2&Left2.png using Guid(86f877676106de24d83abea31d0ea644) Importer(815301076,1909f56bfc062723c751e8b465ee728b)  -> (artifact id: 'a76d51f102eb26f32bcfcedb8a5d2144') in 0.018856 seconds 
========================================================================
Received Import Request.
  Time since last request: 0.000020 seconds.
  path: Assets/AssetsStoreDownload/BayatGames/Free Platform Game Assets/Tiles/2.5D Tiles/Spring/png/512x512/column_down.png
  artifactKey: Guid(73ec061e7811d0a4cac3fdc4a1077ec1) Importer(815301076,1909f56bfc062723c751e8b465ee728b)
Start importing Assets/AssetsStoreDownload/BayatGames/Free Platform Game Assets/Tiles/2.5D Tiles/Spring/png/512x512/column_down.png using Guid(73ec061e7811d0a4cac3fdc4a1077ec1) Importer(815301076,1909f56bfc062723c751e8b465ee728b)  -> (artifact id: '4995f71e13aa377cd2273b699e4f34ae') in 0.017524 seconds 
========================================================================
Received Import Request.
  Time since last request: 0.000019 seconds.
  path: Assets/AssetsStoreDownload/BayatGames/Free Platform Game Assets/Chests/Chest/png/Sliced/Sliced 2/4x/bodyInnerPiece-3-ForBody4-4x.png
  artifactKey: Guid(1119ac6f7ebd4574e9c96e9f2150a6f7) Importer(815301076,1909f56bfc062723c751e8b465ee728b)
Start importing Assets/AssetsStoreDownload/BayatGames/Free Platform Game Assets/Chests/Chest/png/Sliced/Sliced 2/4x/bodyInnerPiece-3-ForBody4-4x.png using Guid(1119ac6f7ebd4574e9c96e9f2150a6f7) Importer(815301076,1909f56bfc062723c751e8b465ee728b)  -> (artifact id: '0a6ba3fe672b355e646f8d693122ce73') in 0.036264 seconds 
========================================================================
Received Import Request.
  Time since last request: 0.000016 seconds.
  path: Assets/AssetsStoreDownload/BayatGames/Free Platform Game Assets/Tiles/2D Tiles ( Update 1.9 )/Winter/128x128/GrassMid.png
  artifactKey: Guid(fe0fe98834797cf4ca370bafb3405623) Importer(815301076,1909f56bfc062723c751e8b465ee728b)
Start importing Assets/AssetsStoreDownload/BayatGames/Free Platform Game Assets/Tiles/2D Tiles ( Update 1.9 )/Winter/128x128/GrassMid.png using Guid(fe0fe98834797cf4ca370bafb3405623) Importer(815301076,1909f56bfc062723c751e8b465ee728b)  -> (artifact id: '328b08e71af4a5c92371ab20f84f92f5') in 0.009839 seconds 
========================================================================
Received Import Request.
  Time since last request: 0.000027 seconds.
  path: Assets/AssetsStoreDownload/BayatGames/Free Platform Game Assets/Environments/Environments/png/All/1x/Asset 9.png
  artifactKey: Guid(4af4b868e3230b645a09a833b19dcf7c) Importer(815301076,1909f56bfc062723c751e8b465ee728b)
Start importing Assets/AssetsStoreDownload/BayatGames/Free Platform Game Assets/Environments/Environments/png/All/1x/Asset 9.png using Guid(4af4b868e3230b645a09a833b19dcf7c) Importer(815301076,1909f56bfc062723c751e8b465ee728b)  -> (artifact id: '29c98b669cb73e89a6985e17528ff878') in 0.012467 seconds 
========================================================================
Received Import Request.
  Time since last request: 0.000024 seconds.
  path: Assets/AssetsStoreDownload/BayatGames/Free Platform Game Assets/Tiles/2.5D Tiles/Spring/png/512x512/Dirt.png
  artifactKey: Guid(2f4741cc1f960ec4d804347f80b76d26) Importer(815301076,1909f56bfc062723c751e8b465ee728b)
Start importing Assets/AssetsStoreDownload/BayatGames/Free Platform Game Assets/Tiles/2.5D Tiles/Spring/png/512x512/Dirt.png using Guid(2f4741cc1f960ec4d804347f80b76d26) Importer(815301076,1909f56bfc062723c751e8b465ee728b)  -> (artifact id: 'f1d29069f92763c7f5b2bfe7569ba355') in 0.017966 seconds 
========================================================================
Received Import Request.
  Time since last request: 0.000019 seconds.
  path: Assets/AssetsStoreDownload/BayatGames/Free Platform Game Assets/Chests/Chest/png/Sliced/Sliced 2/2x/bodyInnerPiece-2-ForBody3-2x.png
  artifactKey: Guid(c4d79404708dbb3469c043119eecfde6) Importer(815301076,1909f56bfc062723c751e8b465ee728b)
Start importing Assets/AssetsStoreDownload/BayatGames/Free Platform Game Assets/Chests/Chest/png/Sliced/Sliced 2/2x/bodyInnerPiece-2-ForBody3-2x.png using Guid(c4d79404708dbb3469c043119eecfde6) Importer(815301076,1909f56bfc062723c751e8b465ee728b)  -> (artifact id: '4a0d7e113b59871c23e0c989d32aead2') in 0.014510 seconds 
========================================================================
Received Import Request.
  Time since last request: 0.000018 seconds.
  path: Assets/AssetsStoreDownload/BayatGames/Free Platform Game Assets/Environments/New Details ( Update 1.9 )/8x/Autumn Bush.png
  artifactKey: Guid(b94b23723dfa2e84e9de0fdeb406695d) Importer(815301076,1909f56bfc062723c751e8b465ee728b)
Start importing Assets/AssetsStoreDownload/BayatGames/Free Platform Game Assets/Environments/New Details ( Update 1.9 )/8x/Autumn Bush.png using Guid(b94b23723dfa2e84e9de0fdeb406695d) Importer(815301076,1909f56bfc062723c751e8b465ee728b)  -> (artifact id: '83470795e01b510c0ebe9497a8da24bb') in 0.023336 seconds 
========================================================================
Received Import Request.
  Time since last request: 0.000018 seconds.
  path: Assets/AssetsStoreDownload/BayatGames/Free Platform Game Assets/Water Animation/2D view ( Update 1.9 )/128x128/8-1x.png
  artifactKey: Guid(e97fac510976a104ca32fd2bd632ff91) Importer(815301076,1909f56bfc062723c751e8b465ee728b)
Start importing Assets/AssetsStoreDownload/BayatGames/Free Platform Game Assets/Water Animation/2D view ( Update 1.9 )/128x128/8-1x.png using Guid(e97fac510976a104ca32fd2bd632ff91) Importer(815301076,1909f56bfc062723c751e8b465ee728b)  -> (artifact id: '659f209afa90d7ce21558fedf79fad0c') in 0.010282 seconds 
========================================================================
Received Import Request.
  Time since last request: 0.000020 seconds.
  path: Assets/AssetsStoreDownload/BayatGames/Free Platform Game Assets/Water Animation/2D view ( Update 1.9 )/512x512/8-4x.png
  artifactKey: Guid(f6d6dc4b79c327749a2d98b6fd8567d1) Importer(815301076,1909f56bfc062723c751e8b465ee728b)
Start importing Assets/AssetsStoreDownload/BayatGames/Free Platform Game Assets/Water Animation/2D view ( Update 1.9 )/512x512/8-4x.png using Guid(f6d6dc4b79c327749a2d98b6fd8567d1) Importer(815301076,1909f56bfc062723c751e8b465ee728b)  -> (artifact id: 'c5d73036f7de6b565f3a4861140a5d6d') in 0.022537 seconds 
========================================================================
Received Import Request.
  Time since last request: 0.000014 seconds.
  path: Assets/AssetsStoreDownload/2D SpritePack/2DPlatformerPack/Block_4.png
  artifactKey: Guid(40af251780c2fe04fa8c970d136208dc) Importer(815301076,1909f56bfc062723c751e8b465ee728b)
Start importing Assets/AssetsStoreDownload/2D SpritePack/2DPlatformerPack/Block_4.png using Guid(40af251780c2fe04fa8c970d136208dc) Importer(815301076,1909f56bfc062723c751e8b465ee728b)  -> (artifact id: '91164be50f894408734d2fd965af1001') in 0.109723 seconds 
========================================================================
Received Import Request.
  Time since last request: 0.000020 seconds.
  path: Assets/AssetsStoreDownload/BayatGames/Free Platform Game Assets/Tiles/2D Tiles ( Update 1.9 )/Winter/512x512/GrassColumn.png
  artifactKey: Guid(a6dbf81ffcb791447836dcaba1b1f603) Importer(815301076,1909f56bfc062723c751e8b465ee728b)
Start importing Assets/AssetsStoreDownload/BayatGames/Free Platform Game Assets/Tiles/2D Tiles ( Update 1.9 )/Winter/512x512/GrassColumn.png using Guid(a6dbf81ffcb791447836dcaba1b1f603) Importer(815301076,1909f56bfc062723c751e8b465ee728b)  -> (artifact id: 'db084600b556a27dfcfe073a2a4dc4f6') in 0.016106 seconds 
========================================================================
Received Import Request.
  Time since last request: 0.000026 seconds.
  path: Assets/AssetsStoreDownload/BayatGames/Free Platform Game Assets/Chests/Chest/png/Sheet/Chest 4096x1024(4x).png
  artifactKey: Guid(6f10393485ec6e74a95c7a6a2478cf3c) Importer(815301076,1909f56bfc062723c751e8b465ee728b)
Start importing Assets/AssetsStoreDownload/BayatGames/Free Platform Game Assets/Chests/Chest/png/Sheet/Chest 4096x1024(4x).png using Guid(6f10393485ec6e74a95c7a6a2478cf3c) Importer(815301076,1909f56bfc062723c751e8b465ee728b)  -> (artifact id: '7f39997573e47a39ebdbf091d2d52f2b') in 0.041915 seconds 
========================================================================
Received Import Request.
  Time since last request: 0.000020 seconds.
  path: Assets/AssetsStoreDownload/BayatGames/Free Platform Game Assets/Chests/Chest/png/Sliced/Sliced 2/2x/headInnerPiece-1-ForHead4-2x.png
  artifactKey: Guid(0bb49bd076a889741b47c4e43a6c929d) Importer(815301076,1909f56bfc062723c751e8b465ee728b)
Start importing Assets/AssetsStoreDownload/BayatGames/Free Platform Game Assets/Chests/Chest/png/Sliced/Sliced 2/2x/headInnerPiece-1-ForHead4-2x.png using Guid(0bb49bd076a889741b47c4e43a6c929d) Importer(815301076,1909f56bfc062723c751e8b465ee728b)  -> (artifact id: 'a5dda59e5f7a1ed6cf4505b41c8966dd') in 0.013329 seconds 
========================================================================
Received Import Request.
  Time since last request: 0.000024 seconds.
  path: Assets/AssetsStoreDownload/BayatGames/Free Platform Game Assets/Tiles/2.5D Tiles/Autumn ( Update 1.9 )/128x128/GrassJoinHillLeft&Right.png
  artifactKey: Guid(041a264042118224996c09d1f7dfb2a5) Importer(815301076,1909f56bfc062723c751e8b465ee728b)
Start importing Assets/AssetsStoreDownload/BayatGames/Free Platform Game Assets/Tiles/2.5D Tiles/Autumn ( Update 1.9 )/128x128/GrassJoinHillLeft&Right.png using Guid(041a264042118224996c09d1f7dfb2a5) Importer(815301076,1909f56bfc062723c751e8b465ee728b)  -> (artifact id: '9d63953059812b3f181a3ef9efe78935') in 0.011180 seconds 
========================================================================
Received Import Request.
  Time since last request: 0.000040 seconds.
  path: Assets/AssetsStoreDownload/BayatGames/Free Platform Game Assets/Chests/New Chests ( Update 1.8.5 )/png/Sliced/Model-1/1x/headInnerPiece-1-ForHead-5-1x.png
  artifactKey: Guid(6374bfe696e08c841a78e0f60d2bab34) Importer(815301076,1909f56bfc062723c751e8b465ee728b)
Start importing Assets/AssetsStoreDownload/BayatGames/Free Platform Game Assets/Chests/New Chests ( Update 1.8.5 )/png/Sliced/Model-1/1x/headInnerPiece-1-ForHead-5-1x.png using Guid(6374bfe696e08c841a78e0f60d2bab34) Importer(815301076,1909f56bfc062723c751e8b465ee728b)  -> (artifact id: 'db1ad504dc41e12c38201f49ae17b79e') in 0.013670 seconds 
========================================================================
Received Import Request.
  Time since last request: 0.000025 seconds.
  path: Assets/AssetsStoreDownload/BayatGames/Free Platform Game Assets/Chests/New Chests ( Update 1.8.5 )/png/Sliced/Model-1/2x/headInnerPiece-1-ForHead-5-2x.png
  artifactKey: Guid(411157c444ae4b74b811ab6128b86802) Importer(815301076,1909f56bfc062723c751e8b465ee728b)
Start importing Assets/AssetsStoreDownload/BayatGames/Free Platform Game Assets/Chests/New Chests ( Update 1.8.5 )/png/Sliced/Model-1/2x/headInnerPiece-1-ForHead-5-2x.png using Guid(411157c444ae4b74b811ab6128b86802) Importer(815301076,1909f56bfc062723c751e8b465ee728b)  -> (artifact id: '728a5a9b5bc6490d7a201e17bcc6a433') in 0.016024 seconds 
========================================================================
Received Import Request.
  Time since last request: 0.000029 seconds.
  path: Assets/AssetsStoreDownload/BayatGames/Free Platform Game Assets/Chests/New Chests ( Update 1.8.5 )/png/Sliced/Model-1/1x/head-1-1x.png
  artifactKey: Guid(f1c8f4f63efb27f4c8c7eafb6d889055) Importer(815301076,1909f56bfc062723c751e8b465ee728b)
Start importing Assets/AssetsStoreDownload/BayatGames/Free Platform Game Assets/Chests/New Chests ( Update 1.8.5 )/png/Sliced/Model-1/1x/head-1-1x.png using Guid(f1c8f4f63efb27f4c8c7eafb6d889055) Importer(815301076,1909f56bfc062723c751e8b465ee728b)  -> (artifact id: '9d7d048428971c453d3236171b46c8c5') in 0.013176 seconds 
========================================================================
Received Import Request.
  Time since last request: 0.000024 seconds.
  path: Assets/AssetsStoreDownload/BayatGames/Free Platform Game Assets/Backgrounds/Background/png/2048x1536/All/Hills_2.png
  artifactKey: Guid(e0331fe51dc9b3a4f93ba56226a9f527) Importer(815301076,1909f56bfc062723c751e8b465ee728b)
Start importing Assets/AssetsStoreDownload/BayatGames/Free Platform Game Assets/Backgrounds/Background/png/2048x1536/All/Hills_2.png using Guid(e0331fe51dc9b3a4f93ba56226a9f527) Importer(815301076,1909f56bfc062723c751e8b465ee728b)  -> (artifact id: '2dd8fc40bc7b6330265ccdb626205431') in 0.135562 seconds 
========================================================================
Received Import Request.
  Time since last request: 0.000028 seconds.
  path: Assets/AssetsStoreDownload/BayatGames/Free Platform Game Assets/Water Animation/2.5D View/png/1x/image 7.png
  artifactKey: Guid(a08e7d5756e97314c8124a7d93d8d748) Importer(815301076,1909f56bfc062723c751e8b465ee728b)
Start importing Assets/AssetsStoreDownload/BayatGames/Free Platform Game Assets/Water Animation/2.5D View/png/1x/image 7.png using Guid(a08e7d5756e97314c8124a7d93d8d748) Importer(815301076,1909f56bfc062723c751e8b465ee728b)  -> (artifact id: '468aa7fd592aed4b8fd320b34ccca48d') in 0.016072 seconds 
========================================================================
Received Import Request.
  Time since last request: 0.000037 seconds.
  path: Assets/AssetsStoreDownload/BayatGames/Free Platform Game Assets/Chests/New Chests ( Update 1.8.5 )/png/Separate/Model-2/4x/model-2-7-4x.png
  artifactKey: Guid(4fd3bb84a97b5e8428f0b0ef6c4ce80a) Importer(815301076,1909f56bfc062723c751e8b465ee728b)
Start importing Assets/AssetsStoreDownload/BayatGames/Free Platform Game Assets/Chests/New Chests ( Update 1.8.5 )/png/Separate/Model-2/4x/model-2-7-4x.png using Guid(4fd3bb84a97b5e8428f0b0ef6c4ce80a) Importer(815301076,1909f56bfc062723c751e8b465ee728b)  -> (artifact id: '702e4238e4711cd1c376e9715eb96e1f') in 0.040485 seconds 
========================================================================
Received Import Request.
  Time since last request: 0.000012 seconds.
  path: Assets/AssetsStoreDownload/BayatGames/Free Platform Game Assets/Water Animation/2.5D View/png/2x/image 7.png
  artifactKey: Guid(19d80c25a18b9574db01382924df0182) Importer(815301076,1909f56bfc062723c751e8b465ee728b)
Start importing Assets/AssetsStoreDownload/BayatGames/Free Platform Game Assets/Water Animation/2.5D View/png/2x/image 7.png using Guid(19d80c25a18b9574db01382924df0182) Importer(815301076,1909f56bfc062723c751e8b465ee728b)  -> (artifact id: '58ea9c672ae8da0eea9cece6f447c11d') in 0.014327 seconds 
========================================================================
Received Import Request.
  Time since last request: 0.000023 seconds.
  path: Assets/AssetsStoreDownload/BayatGames/Free Platform Game Assets/Backgrounds/New Background ( Update 1.7 )/png/2048x1536/All/Hills_2.png
  artifactKey: Guid(6d6b4ccfa4f877d489ed08d4d8ad19d2) Importer(815301076,1909f56bfc062723c751e8b465ee728b)
Start importing Assets/AssetsStoreDownload/BayatGames/Free Platform Game Assets/Backgrounds/New Background ( Update 1.7 )/png/2048x1536/All/Hills_2.png using Guid(6d6b4ccfa4f877d489ed08d4d8ad19d2) Importer(815301076,1909f56bfc062723c751e8b465ee728b)  -> (artifact id: '12304a2d7c50feeccb65a44050950bb6') in 0.096753 seconds 
========================================================================
Received Import Request.
  Time since last request: 0.000023 seconds.
  path: Assets/AssetsStoreDownload/BayatGames/Free Platform Game Assets/Chests/Chest/png/Sliced/Sliced 2/4x/headWithoutInnerPiece-3-4x.png
  artifactKey: Guid(524f5b0b591fd4e4fa39094f45b693d0) Importer(815301076,1909f56bfc062723c751e8b465ee728b)
Start importing Assets/AssetsStoreDownload/BayatGames/Free Platform Game Assets/Chests/Chest/png/Sliced/Sliced 2/4x/headWithoutInnerPiece-3-4x.png using Guid(524f5b0b591fd4e4fa39094f45b693d0) Importer(815301076,1909f56bfc062723c751e8b465ee728b)  -> (artifact id: '6d9e7f31f11304ff99d6a14aa99c41e3') in 0.026308 seconds 
========================================================================
Received Import Request.
  Time since last request: 0.000013 seconds.
  path: Assets/AssetsStoreDownload/BayatGames/Free Platform Game Assets/Tiles/2D Tiles ( Update 1.9 )/Winter/512x512/GrassJoinHillLeft2 DownShadow.png
  artifactKey: Guid(59816de6d00735346b0275e7bffd34c2) Importer(815301076,1909f56bfc062723c751e8b465ee728b)
Start importing Assets/AssetsStoreDownload/BayatGames/Free Platform Game Assets/Tiles/2D Tiles ( Update 1.9 )/Winter/512x512/GrassJoinHillLeft2 DownShadow.png using Guid(59816de6d00735346b0275e7bffd34c2) Importer(815301076,1909f56bfc062723c751e8b465ee728b)  -> (artifact id: '57fd000688482d2cf60f2cf9fce7324b') in 0.016841 seconds 
========================================================================
Received Import Request.
  Time since last request: 0.000036 seconds.
  path: Assets/AssetsStoreDownload/BayatGames/Free Platform Game Assets/Chests/New Chests ( Update 1.8.5 )/png/Sliced/Model-2/1x/Model2-body-1x.png
  artifactKey: Guid(869fff3cced9e5246a5bb14bcb371894) Importer(815301076,1909f56bfc062723c751e8b465ee728b)
Start importing Assets/AssetsStoreDownload/BayatGames/Free Platform Game Assets/Chests/New Chests ( Update 1.8.5 )/png/Sliced/Model-2/1x/Model2-body-1x.png using Guid(869fff3cced9e5246a5bb14bcb371894) Importer(815301076,1909f56bfc062723c751e8b465ee728b)  -> (artifact id: 'bce2929a7374e29548c1b0ac15f3a1a3') in 0.015295 seconds 
========================================================================
Received Import Request.
  Time since last request: 0.000030 seconds.
  path: Assets/AssetsStoreDownload/BayatGames/Free Platform Game Assets/Tiles/2D Tiles ( Update 1.9 )/Winter/512x512/GrassHillRight2.png
  artifactKey: Guid(879cf7757ee78bb4d80b42fdce0a0301) Importer(815301076,1909f56bfc062723c751e8b465ee728b)
Start importing Assets/AssetsStoreDownload/BayatGames/Free Platform Game Assets/Tiles/2D Tiles ( Update 1.9 )/Winter/512x512/GrassHillRight2.png using Guid(879cf7757ee78bb4d80b42fdce0a0301) Importer(815301076,1909f56bfc062723c751e8b465ee728b)  -> (artifact id: '7b5c44b6ab16ed1308adcbba433a0ca7') in 0.018644 seconds 
========================================================================
Received Import Request.
  Time since last request: 0.000026 seconds.
  path: Assets/AssetsStoreDownload/BayatGames/Free Platform Game Assets/Tiles/2.5D Tiles/Autumn ( Update 1.9 )/256x256/GrassJoinHillLeft&Right.png
  artifactKey: Guid(b3d68cc7999cd8b4593f740c09b42c53) Importer(815301076,1909f56bfc062723c751e8b465ee728b)
Start importing Assets/AssetsStoreDownload/BayatGames/Free Platform Game Assets/Tiles/2.5D Tiles/Autumn ( Update 1.9 )/256x256/GrassJoinHillLeft&Right.png using Guid(b3d68cc7999cd8b4593f740c09b42c53) Importer(815301076,1909f56bfc062723c751e8b465ee728b)  -> (artifact id: '75a679ab936c715577a0bd079b89ca8e') in 0.017816 seconds 
========================================================================
Received Import Request.
  Time since last request: 0.000016 seconds.
  path: Assets/AssetsStoreDownload/BayatGames/Free Platform Game Assets/Chests/Chest/png/Sliced/Sliced 1/2x/head-1-2x.png
  artifactKey: Guid(55acdc3f9ec9cd2428f04cb3b4cbee00) Importer(815301076,1909f56bfc062723c751e8b465ee728b)
Start importing Assets/AssetsStoreDownload/BayatGames/Free Platform Game Assets/Chests/Chest/png/Sliced/Sliced 1/2x/head-1-2x.png using Guid(55acdc3f9ec9cd2428f04cb3b4cbee00) Importer(815301076,1909f56bfc062723c751e8b465ee728b)  -> (artifact id: '03cc782694e3268df035599c6bfc53ca') in 0.017101 seconds 
========================================================================
Received Import Request.
  Time since last request: 0.000019 seconds.
  path: Assets/AssetsStoreDownload/BayatGames/Free Platform Game Assets/Chests/New Chests ( Update 1.8.5 )/png/Separate/Model-2/2x/model-2-9-2x.png
  artifactKey: Guid(1a1c995cf191d09498abd361e26a9f43) Importer(815301076,1909f56bfc062723c751e8b465ee728b)
Start importing Assets/AssetsStoreDownload/BayatGames/Free Platform Game Assets/Chests/New Chests ( Update 1.8.5 )/png/Separate/Model-2/2x/model-2-9-2x.png using Guid(1a1c995cf191d09498abd361e26a9f43) Importer(815301076,1909f56bfc062723c751e8b465ee728b)  -> (artifact id: '4d3c6cd8c94d6de494cb292ce80f111b') in 0.017890 seconds 
========================================================================
Received Import Request.
  Time since last request: 0.000019 seconds.
  path: Assets/AssetsStoreDownload/BayatGames/Free Platform Game Assets/Chests/Chest/png/Sliced/Sliced 2/4x/headInnerPiece-1-ForHead4-4x.png
  artifactKey: Guid(4d165bdaa9457244fbb19f3d7bed05f0) Importer(815301076,1909f56bfc062723c751e8b465ee728b)
Start importing Assets/AssetsStoreDownload/BayatGames/Free Platform Game Assets/Chests/Chest/png/Sliced/Sliced 2/4x/headInnerPiece-1-ForHead4-4x.png using Guid(4d165bdaa9457244fbb19f3d7bed05f0) Importer(815301076,1909f56bfc062723c751e8b465ee728b)  -> (artifact id: '2e7490062e80e565fae025f070c6bdcf') in 0.023263 seconds 
========================================================================
Received Import Request.
  Time since last request: 0.000019 seconds.
  path: Assets/AssetsStoreDownload/BayatGames/Free Platform Game Assets/Chests/Chest/png/Sliced/Sliced 1/4x/head-5-4x.png
  artifactKey: Guid(7bd3cb04e9342bb409dc588bfd8418c3) Importer(815301076,1909f56bfc062723c751e8b465ee728b)
Start importing Assets/AssetsStoreDownload/BayatGames/Free Platform Game Assets/Chests/Chest/png/Sliced/Sliced 1/4x/head-5-4x.png using Guid(7bd3cb04e9342bb409dc588bfd8418c3) Importer(815301076,1909f56bfc062723c751e8b465ee728b)  -> (artifact id: 'c5cfe46f44b8810c1194a53cfb6edeb7') in 0.022837 seconds 
========================================================================
Received Import Request.
  Time since last request: 0.000019 seconds.
  path: Assets/AssetsStoreDownload/BayatGames/Free Platform Game Assets/Chests/New Chests ( Update 1.8.5 )/png/Sliced/Model-1/1x/head-9-1x.png
  artifactKey: Guid(1644edc71fc262041a42aebb814915c3) Importer(815301076,1909f56bfc062723c751e8b465ee728b)
Start importing Assets/AssetsStoreDownload/BayatGames/Free Platform Game Assets/Chests/New Chests ( Update 1.8.5 )/png/Sliced/Model-1/1x/head-9-1x.png using Guid(1644edc71fc262041a42aebb814915c3) Importer(815301076,1909f56bfc062723c751e8b465ee728b)  -> (artifact id: 'f46e61958da5050e10ec958f26b9901a') in 0.014812 seconds 
========================================================================
Received Import Request.
  Time since last request: 0.000014 seconds.
  path: Assets/AssetsStoreDownload/BayatGames/Free Platform Game Assets/Water Animation/2.5D View/png/1x/image 11.png
  artifactKey: Guid(e4c60e2f2f89ac74b9a0726c38578931) Importer(815301076,1909f56bfc062723c751e8b465ee728b)
Start importing Assets/AssetsStoreDownload/BayatGames/Free Platform Game Assets/Water Animation/2.5D View/png/1x/image 11.png using Guid(e4c60e2f2f89ac74b9a0726c38578931) Importer(815301076,1909f56bfc062723c751e8b465ee728b)  -> (artifact id: 'dbde3956420e98d1222562216ab90d13') in 0.010040 seconds 
========================================================================
Received Import Request.
  Time since last request: 0.000016 seconds.
  path: Assets/AssetsStoreDownload/BayatGames/Free Platform Game Assets/Tiles/2.5D Tiles/Spring/png/512x512/GrassJoinHillLeft2.png
  artifactKey: Guid(a5c53868494123c41aa13b085219200a) Importer(815301076,1909f56bfc062723c751e8b465ee728b)
Start importing Assets/AssetsStoreDownload/BayatGames/Free Platform Game Assets/Tiles/2.5D Tiles/Spring/png/512x512/GrassJoinHillLeft2.png using Guid(a5c53868494123c41aa13b085219200a) Importer(815301076,1909f56bfc062723c751e8b465ee728b)  -> (artifact id: '5595b13e89d39a4e4107c5250058a114') in 0.015831 seconds 
========================================================================
Received Import Request.
  Time since last request: 0.000016 seconds.
  path: Assets/AssetsStoreDownload/BayatGames/Free Platform Game Assets/Tiles/2D Tiles ( Update 1.9 )/Spring/512x512/GrassCliffMid.png
  artifactKey: Guid(7a24f3066187aeb4bb2b7d3024a672bf) Importer(815301076,1909f56bfc062723c751e8b465ee728b)
Start importing Assets/AssetsStoreDownload/BayatGames/Free Platform Game Assets/Tiles/2D Tiles ( Update 1.9 )/Spring/512x512/GrassCliffMid.png using Guid(7a24f3066187aeb4bb2b7d3024a672bf) Importer(815301076,1909f56bfc062723c751e8b465ee728b)  -> (artifact id: '5d862e1b45996ce373bf78d7ec459533') in 0.018311 seconds 
========================================================================
Received Import Request.
  Time since last request: 0.000021 seconds.
  path: Assets/AssetsStoreDownload/BayatGames/Free Platform Game Assets/Tiles/2.5D Tiles/Spring/png/512x512/DirtDown.png
  artifactKey: Guid(5927a706fdb5a9341851e666e1ef4702) Importer(815301076,1909f56bfc062723c751e8b465ee728b)
Start importing Assets/AssetsStoreDownload/BayatGames/Free Platform Game Assets/Tiles/2.5D Tiles/Spring/png/512x512/DirtDown.png using Guid(5927a706fdb5a9341851e666e1ef4702) Importer(815301076,1909f56bfc062723c751e8b465ee728b)  -> (artifact id: '1adaea563b5dd32b92b553b1000209cc') in 0.015622 seconds 
========================================================================
Received Import Request.
  Time since last request: 0.000024 seconds.
  path: Assets/AssetsStoreDownload/BayatGames/Free Platform Game Assets/Enemies/New Enemy ( Update 1.9 )/8x/Chain-1.png
  artifactKey: Guid(32d015e157dd8bb4a8c4755343c0d37b) Importer(815301076,1909f56bfc062723c751e8b465ee728b)
Start importing Assets/AssetsStoreDownload/BayatGames/Free Platform Game Assets/Enemies/New Enemy ( Update 1.9 )/8x/Chain-1.png using Guid(32d015e157dd8bb4a8c4755343c0d37b) Importer(815301076,1909f56bfc062723c751e8b465ee728b)  -> (artifact id: '6f0f2b56752b1d3f9b742bffd65f15f6') in 0.010521 seconds 
========================================================================
Received Import Request.
  Time since last request: 0.000014 seconds.
  path: Assets/AssetsStoreDownload/BayatGames/Free Platform Game Assets/Environments/Environments/png/All/4x/Asset 7.png
  artifactKey: Guid(a1eba9de1c2bf6c4782304ab5dbcec8b) Importer(815301076,1909f56bfc062723c751e8b465ee728b)
Start importing Assets/AssetsStoreDownload/BayatGames/Free Platform Game Assets/Environments/Environments/png/All/4x/Asset 7.png using Guid(a1eba9de1c2bf6c4782304ab5dbcec8b) Importer(815301076,1909f56bfc062723c751e8b465ee728b)  -> (artifact id: '6e1252b9890a498a0a839343670e5944') in 0.010881 seconds 
========================================================================
Received Import Request.
  Time since last request: 0.000018 seconds.
  path: Assets/AssetsStoreDownload/BayatGames/Free Platform Game Assets/Chests/New Chests ( Update 1.8.5 )/png/Sliced/Model-1/1x/head-3-1x.png
  artifactKey: Guid(b088a0c26ca03694c8c10aa10f91cdca) Importer(815301076,1909f56bfc062723c751e8b465ee728b)
Start importing Assets/AssetsStoreDownload/BayatGames/Free Platform Game Assets/Chests/New Chests ( Update 1.8.5 )/png/Sliced/Model-1/1x/head-3-1x.png using Guid(b088a0c26ca03694c8c10aa10f91cdca) Importer(815301076,1909f56bfc062723c751e8b465ee728b)  -> (artifact id: 'f8b2f2b399421c393bc8ba022c667b63') in 0.012610 seconds 
========================================================================
Received Import Request.
  Time since last request: 0.000015 seconds.
  path: Assets/AssetsStoreDownload/BayatGames/Free Platform Game Assets/Tiles/2.5D Tiles/Winter ( Update 1.9 )/128x128/GrassCliffLeft.png
  artifactKey: Guid(6d5d8ea282e15234d8ccd8570a0adf15) Importer(815301076,1909f56bfc062723c751e8b465ee728b)
Start importing Assets/AssetsStoreDownload/BayatGames/Free Platform Game Assets/Tiles/2.5D Tiles/Winter ( Update 1.9 )/128x128/GrassCliffLeft.png using Guid(6d5d8ea282e15234d8ccd8570a0adf15) Importer(815301076,1909f56bfc062723c751e8b465ee728b)  -> (artifact id: '08005a1548ae5b2851f866b6a5c95812') in 0.008881 seconds 
========================================================================
Received Import Request.
  Time since last request: 0.000016 seconds.
  path: Assets/AssetsStoreDownload/BayatGames/Free Platform Game Assets/Chests/Chest/png/Sliced/Sliced 1/4x/body-3-4x.png
  artifactKey: Guid(06d1e4e6afd524f4dae9a03ff6879c69) Importer(815301076,1909f56bfc062723c751e8b465ee728b)
Start importing Assets/AssetsStoreDownload/BayatGames/Free Platform Game Assets/Chests/Chest/png/Sliced/Sliced 1/4x/body-3-4x.png using Guid(06d1e4e6afd524f4dae9a03ff6879c69) Importer(815301076,1909f56bfc062723c751e8b465ee728b)  -> (artifact id: '99588611030e5bd44a15a47318be0459') in 0.024536 seconds 
========================================================================
Received Import Request.
  Time since last request: 0.000021 seconds.
  path: Assets/AssetsStoreDownload/BayatGames/Free Platform Game Assets/Water Animation/2D view ( Update 1.9 )/128x128/6-1x.png
  artifactKey: Guid(1e802b47bfea50a47acf5f3b7ba3b16f) Importer(815301076,1909f56bfc062723c751e8b465ee728b)
Start importing Assets/AssetsStoreDownload/BayatGames/Free Platform Game Assets/Water Animation/2D view ( Update 1.9 )/128x128/6-1x.png using Guid(1e802b47bfea50a47acf5f3b7ba3b16f) Importer(815301076,1909f56bfc062723c751e8b465ee728b)  -> (artifact id: 'fab2847b82d64d9b2aed40ec27f9e606') in 0.014853 seconds 
========================================================================
Received Import Request.
  Time since last request: 0.000023 seconds.
  path: Assets/AssetsStoreDownload/BayatGames/Free Platform Game Assets/Chests/Chest/png/Sliced/Sliced 1/1x/body-2-1x.png
  artifactKey: Guid(baa1afb024a5fd64ab9e2788553a4e4a) Importer(815301076,1909f56bfc062723c751e8b465ee728b)
Start importing Assets/AssetsStoreDownload/BayatGames/Free Platform Game Assets/Chests/Chest/png/Sliced/Sliced 1/1x/body-2-1x.png using Guid(baa1afb024a5fd64ab9e2788553a4e4a) Importer(815301076,1909f56bfc062723c751e8b465ee728b)  -> (artifact id: '56ef46cd25b3d2805ba6ac099b112556') in 0.010926 seconds 
========================================================================
Received Import Request.
  Time since last request: 0.000015 seconds.
  path: Assets/AssetsStoreDownload/BayatGames/Free Platform Game Assets/Water Animation/2D view ( Update 1.9 )/256x256/8-2x.png
  artifactKey: Guid(e03419312962e514b8a9e2725433e93c) Importer(815301076,1909f56bfc062723c751e8b465ee728b)
Start importing Assets/AssetsStoreDownload/BayatGames/Free Platform Game Assets/Water Animation/2D view ( Update 1.9 )/256x256/8-2x.png using Guid(e03419312962e514b8a9e2725433e93c) Importer(815301076,1909f56bfc062723c751e8b465ee728b)  -> (artifact id: 'b01b57c5272e2fee3b627a4e2bc52a3e') in 0.013485 seconds 
========================================================================
Received Import Request.
  Time since last request: 0.000018 seconds.
  path: Assets/AssetsStoreDownload/BayatGames/Free Platform Game Assets/Environments/Environments/png/All/4x/Asset 4.png
  artifactKey: Guid(3fcff7da7e0642a40938e80ad8c93b5f) Importer(815301076,1909f56bfc062723c751e8b465ee728b)
Start importing Assets/AssetsStoreDownload/BayatGames/Free Platform Game Assets/Environments/Environments/png/All/4x/Asset 4.png using Guid(3fcff7da7e0642a40938e80ad8c93b5f) Importer(815301076,1909f56bfc062723c751e8b465ee728b)  -> (artifact id: '96bd6feaa03c7267557e04003927b736') in 0.016181 seconds 
========================================================================
Received Import Request.
  Time since last request: 0.000017 seconds.
  path: Assets/AssetsStoreDownload/BayatGames/Free Platform Game Assets/Tiles/2D Tiles ( Update 1.9 )/Spring/256x256/GrassJoinHillLeft.png
  artifactKey: Guid(cfe4e5f21bb46a441b5fe85fa649b7cd) Importer(815301076,1909f56bfc062723c751e8b465ee728b)
Start importing Assets/AssetsStoreDownload/BayatGames/Free Platform Game Assets/Tiles/2D Tiles ( Update 1.9 )/Spring/256x256/GrassJoinHillLeft.png using Guid(cfe4e5f21bb46a441b5fe85fa649b7cd) Importer(815301076,1909f56bfc062723c751e8b465ee728b)  -> (artifact id: '83a1e731540de9ee879e3765dba3b5a6') in 0.011781 seconds 
========================================================================
Received Import Request.
  Time since last request: 0.000016 seconds.
  path: Assets/AssetsStoreDownload/BayatGames/Free Platform Game Assets/Chests/New Chests ( Update 1.8.5 )/png/Separate/Model-1/2x/8-2x.png
  artifactKey: Guid(ced74a61b2ead6d44aa347c46c93572b) Importer(815301076,1909f56bfc062723c751e8b465ee728b)
Start importing Assets/AssetsStoreDownload/BayatGames/Free Platform Game Assets/Chests/New Chests ( Update 1.8.5 )/png/Separate/Model-1/2x/8-2x.png using Guid(ced74a61b2ead6d44aa347c46c93572b) Importer(815301076,1909f56bfc062723c751e8b465ee728b)  -> (artifact id: '01fcc643c01c3aabc582170c6824b6fa') in 0.017896 seconds 
========================================================================
Received Import Request.
  Time since last request: 0.000027 seconds.
  path: Assets/AssetsStoreDownload/BayatGames/Free Platform Game Assets/Chests/New Chests ( Update 1.8.5 )/png/Sliced/Model-1/2x/head-4-2x.png
  artifactKey: Guid(42dcf69cc11d633499e78276fc17ddc6) Importer(815301076,1909f56bfc062723c751e8b465ee728b)
Start importing Assets/AssetsStoreDownload/BayatGames/Free Platform Game Assets/Chests/New Chests ( Update 1.8.5 )/png/Sliced/Model-1/2x/head-4-2x.png using Guid(42dcf69cc11d633499e78276fc17ddc6) Importer(815301076,1909f56bfc062723c751e8b465ee728b)  -> (artifact id: '56b401ce17c65b82490d0e385d70b1c5') in 0.018210 seconds 
========================================================================
Received Import Request.
  Time since last request: 0.000023 seconds.
  path: Assets/AssetsStoreDownload/BayatGames/Free Platform Game Assets/Chests/Chest/png/Sliced/Sliced 1/1x/head-6-1x.png
  artifactKey: Guid(3a0ecbbc7a670bc4bbf020296336c815) Importer(815301076,1909f56bfc062723c751e8b465ee728b)
Start importing Assets/AssetsStoreDownload/BayatGames/Free Platform Game Assets/Chests/Chest/png/Sliced/Sliced 1/1x/head-6-1x.png using Guid(3a0ecbbc7a670bc4bbf020296336c815) Importer(815301076,1909f56bfc062723c751e8b465ee728b)  -> (artifact id: 'bf7f50d7e97328a55282b6a7ff1309ad') in 0.012290 seconds 
========================================================================
Received Import Request.
  Time since last request: 0.000024 seconds.
  path: Assets/AssetsStoreDownload/BayatGames/Free Platform Game Assets/Coin Animation/png/1024x128.png
  artifactKey: Guid(27fbd349247c8dc46a3112ada3a53fc7) Importer(815301076,1909f56bfc062723c751e8b465ee728b)
Start importing Assets/AssetsStoreDownload/BayatGames/Free Platform Game Assets/Coin Animation/png/1024x128.png using Guid(27fbd349247c8dc46a3112ada3a53fc7) Importer(815301076,1909f56bfc062723c751e8b465ee728b)  -> (artifact id: '10c2f26bb39fe97919ae8c83e85289a7') in 0.016905 seconds 
========================================================================
Received Import Request.
  Time since last request: 0.000018 seconds.
  path: Assets/AssetsStoreDownload/BayatGames/Free Platform Game Assets/Coin Animation/png/4x/image 12.png
  artifactKey: Guid(798cfdc6e87910449ae9c27bfd993a1d) Importer(815301076,1909f56bfc062723c751e8b465ee728b)
Start importing Assets/AssetsStoreDownload/BayatGames/Free Platform Game Assets/Coin Animation/png/4x/image 12.png using Guid(798cfdc6e87910449ae9c27bfd993a1d) Importer(815301076,1909f56bfc062723c751e8b465ee728b)  -> (artifact id: '5fa77af00cad5aba559b9443963d29f6') in 0.013454 seconds 
========================================================================
Received Import Request.
  Time since last request: 0.000030 seconds.
  path: Assets/AssetsStoreDownload/BayatGames/Free Platform Game Assets/Environments/Environments/png/All/4x/Asset 9.png
  artifactKey: Guid(5a83fc290cbf76e4bb5de77f1b785dae) Importer(815301076,1909f56bfc062723c751e8b465ee728b)
Start importing Assets/AssetsStoreDownload/BayatGames/Free Platform Game Assets/Environments/Environments/png/All/4x/Asset 9.png using Guid(5a83fc290cbf76e4bb5de77f1b785dae) Importer(815301076,1909f56bfc062723c751e8b465ee728b)  -> (artifact id: '9039b9bb94a7d1923b65925029b8f96b') in 0.016537 seconds 
========================================================================
Received Import Request.
  Time since last request: 0.000023 seconds.
  path: Assets/AssetsStoreDownload/BayatGames/Free Platform Game Assets/Chests/New Chests ( Update 1.8.5 )/png/Separate/Model-1/1x/4-1x.png
  artifactKey: Guid(0bac16c6886fe4d4eabae57fda070381) Importer(815301076,1909f56bfc062723c751e8b465ee728b)
Start importing Assets/AssetsStoreDownload/BayatGames/Free Platform Game Assets/Chests/New Chests ( Update 1.8.5 )/png/Separate/Model-1/1x/4-1x.png using Guid(0bac16c6886fe4d4eabae57fda070381) Importer(815301076,1909f56bfc062723c751e8b465ee728b)  -> (artifact id: '014e9c14124521aec799ddacdd765152') in 0.013013 seconds 
========================================================================
Received Import Request.
  Time since last request: 0.000017 seconds.
  path: Assets/AssetsStoreDownload/BayatGames/Free Platform Game Assets/Environments/Environments/png/All/2x/Asset 8.png
  artifactKey: Guid(04d3492151cf07447969d611aebd70a3) Importer(815301076,1909f56bfc062723c751e8b465ee728b)
Start importing Assets/AssetsStoreDownload/BayatGames/Free Platform Game Assets/Environments/Environments/png/All/2x/Asset 8.png using Guid(04d3492151cf07447969d611aebd70a3) Importer(815301076,1909f56bfc062723c751e8b465ee728b)  -> (artifact id: '2250f3f962de021cbe15b18d2144c8cd') in 0.013386 seconds 
Editor requested this worker to shutdown with reason: Scaling down because of idle timeout
AssetImportWorker is now disconnected from the server
Process exiting
Exiting without the bug reporter. Application will terminate with return code 0