Using pre-set license
Built from '2021.3/staging' branch; Version is '2021.3.0f1 (6eacc8284459) revision 7253192'; Using compiler version '192829333'; Build Type 'Release'
OS: 'Windows 11  (10.0.22000) 64bit Core' Language: 'ko' Physical Memory: 65323 MB
BatchMode: 1, IsHumanControllingUs: 0, StartBugReporterOnCrash: 0, Is64bit: 1, IsPro: 1

COMMAND LINE ARGUMENTS:
C:\Program Files\Unity\Hub\Editor\2021.3.0f1\Editor\Unity.exe
-adb2
-batchMode
-noUpm
-name
AssetImportWorker2
-projectPath
D:/WorkSpace/Portfolio/Game/RunningWarrior
-logFile
Logs/AssetImportWorker2.log
-srvPort
9592
Successfully changed project path to: D:/WorkSpace/Portfolio/Game/RunningWarrior
D:/WorkSpace/Portfolio/Game/RunningWarrior
[UnityMemory] Configuration Parameters - Can be set up in boot.config
    "memorysetup-bucket-allocator-granularity=16"
    "memorysetup-bucket-allocator-bucket-count=8"
    "memorysetup-bucket-allocator-block-size=33554432"
    "memorysetup-bucket-allocator-block-count=8"
    "memorysetup-main-allocator-block-size=16777216"
    "memorysetup-thread-allocator-block-size=16777216"
    "memorysetup-gfx-main-allocator-block-size=16777216"
    "memorysetup-gfx-thread-allocator-block-size=16777216"
    "memorysetup-cache-allocator-block-size=4194304"
    "memorysetup-typetree-allocator-block-size=2097152"
    "memorysetup-profiler-bucket-allocator-granularity=16"
    "memorysetup-profiler-bucket-allocator-bucket-count=8"
    "memorysetup-profiler-bucket-allocator-block-size=33554432"
    "memorysetup-profiler-bucket-allocator-block-count=8"
    "memorysetup-profiler-allocator-block-size=16777216"
    "memorysetup-profiler-editor-allocator-block-size=1048576"
    "memorysetup-temp-allocator-size-main=16777216"
    "memorysetup-job-temp-allocator-block-size=2097152"
    "memorysetup-job-temp-allocator-block-size-background=1048576"
    "memorysetup-job-temp-allocator-reduction-small-platforms=262144"
    "memorysetup-temp-allocator-size-background-worker=32768"
    "memorysetup-temp-allocator-size-job-worker=262144"
    "memorysetup-temp-allocator-size-preload-manager=33554432"
    "memorysetup-temp-allocator-size-nav-mesh-worker=65536"
    "memorysetup-temp-allocator-size-audio-worker=65536"
    "memorysetup-temp-allocator-size-cloud-worker=32768"
    "memorysetup-temp-allocator-size-gi-baking-worker=262144"
    "memorysetup-temp-allocator-size-gfx=262144"
Refreshing native plugins compatible for Editor in 85.28 ms, found 3 plugins.
Preloading 0 native plugins for Editor in 0.00 ms.
Initialize engine version: 2021.3.0f1 (6eacc8284459)
[Subsystems] Discovering subsystems at path C:/Program Files/Unity/Hub/Editor/2021.3.0f1/Editor/Data/Resources/UnitySubsystems
[Subsystems] Discovering subsystems at path D:/WorkSpace/Portfolio/Game/RunningWarrior/Assets
GfxDevice: creating device client; threaded=0; jobified=0
Direct3D:
    Version:  Direct3D 11.0 [level 11.1]
    Renderer: NVIDIA GeForce RTX 3060 Ti (ID=0x2489)
    Vendor:   NVIDIA
    VRAM:     8050 MB
    Driver:   30.0.15.1295
Initialize mono
Mono path[0] = 'C:/Program Files/Unity/Hub/Editor/2021.3.0f1/Editor/Data/Managed'
Mono path[1] = 'C:/Program Files/Unity/Hub/Editor/2021.3.0f1/Editor/Data/MonoBleedingEdge/lib/mono/unityjit-win32'
Mono config path = 'C:/Program Files/Unity/Hub/Editor/2021.3.0f1/Editor/Data/MonoBleedingEdge/etc'
Using monoOptions --debugger-agent=transport=dt_socket,embedding=1,server=y,suspend=n,address=127.0.0.1:56456
Begin MonoManager ReloadAssembly
Registering precompiled unity dll's ...
Register platform support module: C:/Program Files/Unity/Hub/Editor/2021.3.0f1/Editor/Data/PlaybackEngines/WebGLSupport/UnityEditor.WebGL.Extensions.dll
Register platform support module: C:/Program Files/Unity/Hub/Editor/2021.3.0f1/Editor/Data/PlaybackEngines/AndroidPlayer/UnityEditor.Android.Extensions.dll
Register platform support module: C:/Program Files/Unity/Hub/Editor/2021.3.0f1/Editor/Data/PlaybackEngines/WindowsStandaloneSupport/UnityEditor.WindowsStandalone.Extensions.dll
Registered in 0.003543 seconds.
Native extension for WindowsStandalone target not found
Native extension for Android target not found
Native extension for WebGL target not found
Refreshing native plugins compatible for Editor in 63.34 ms, found 3 plugins.
Preloading 0 native plugins for Editor in 0.00 ms.
Mono: successfully reloaded assembly
- Completed reload, in  0.485 seconds
Domain Reload Profiling:
	ReloadAssembly (485ms)
		BeginReloadAssembly (58ms)
			ExecutionOrderSort (0ms)
			DisableScriptedObjects (0ms)
			BackupInstance (0ms)
			ReleaseScriptingObjects (0ms)
			CreateAndSetChildDomain (1ms)
		EndReloadAssembly (334ms)
			LoadAssemblies (56ms)
			RebuildTransferFunctionScriptingTraits (0ms)
			SetupTypeCache (69ms)
			ReleaseScriptCaches (0ms)
			RebuildScriptCaches (24ms)
			SetupLoadedEditorAssemblies (207ms)
				LogAssemblyErrors (0ms)
				InitializePlatformSupportModulesInManaged (39ms)
				SetLoadedEditorAssemblies (0ms)
				RefreshPlugins (63ms)
				BeforeProcessingInitializeOnLoad (1ms)
				ProcessInitializeOnLoadAttributes (63ms)
				ProcessInitializeOnLoadMethodAttributes (41ms)
				AfterProcessingInitializeOnLoad (0ms)
				EditorAssembliesLoaded (0ms)
			ExecutionOrderSort2 (0ms)
			AwakeInstancesAfterBackupRestoration (0ms)
Platform modules already initialized, skipping
Registering precompiled user dll's ...
Registered in 0.002493 seconds.
Begin MonoManager ReloadAssembly
Symbol file LoadedFromMemory doesn't match image D:\WorkSpace\Portfolio\Game\RunningWarrior\Library\PackageCache\com.unity.visualscripting@1.7.8\Editor\VisualScripting.Core\Dependencies\YamlDotNet\Unity.VisualScripting.YamlDotNet.dll
Symbol file LoadedFromMemory doesn't match image D:\WorkSpace\Portfolio\Game\RunningWarrior\Library\PackageCache\com.unity.visualscripting@1.7.8\Editor\VisualScripting.Core\Dependencies\DotNetZip\Unity.VisualScripting.IonicZip.dll
Native extension for WindowsStandalone target not found
Native extension for Android target not found
Native extension for WebGL target not found
Refreshing native plugins compatible for Editor in 0.66 ms, found 3 plugins.
Preloading 0 native plugins for Editor in 0.00 ms.
Mono: successfully reloaded assembly
- Completed reload, in  0.944 seconds
Domain Reload Profiling:
	ReloadAssembly (945ms)
		BeginReloadAssembly (191ms)
			ExecutionOrderSort (0ms)
			DisableScriptedObjects (5ms)
			BackupInstance (0ms)
			ReleaseScriptingObjects (0ms)
			CreateAndSetChildDomain (127ms)
		EndReloadAssembly (649ms)
			LoadAssemblies (54ms)
			RebuildTransferFunctionScriptingTraits (0ms)
			SetupTypeCache (214ms)
			ReleaseScriptCaches (0ms)
			RebuildScriptCaches (45ms)
			SetupLoadedEditorAssemblies (291ms)
				LogAssemblyErrors (0ms)
				InitializePlatformSupportModulesInManaged (18ms)
				SetLoadedEditorAssemblies (0ms)
				RefreshPlugins (1ms)
				BeforeProcessingInitializeOnLoad (80ms)
				ProcessInitializeOnLoadAttributes (172ms)
				ProcessInitializeOnLoadMethodAttributes (16ms)
				AfterProcessingInitializeOnLoad (3ms)
				EditorAssembliesLoaded (0ms)
			ExecutionOrderSort2 (0ms)
			AwakeInstancesAfterBackupRestoration (4ms)
Platform modules already initialized, skipping
========================================================================
Worker process is ready to serve import requests
Launched and connected shader compiler UnityShaderCompiler.exe after 0.04 seconds
Refreshing native plugins compatible for Editor in 1.15 ms, found 3 plugins.
Preloading 0 native plugins for Editor in 0.00 ms.
Unloading 3707 Unused Serialized files (Serialized files now loaded: 0)
Unloading 30 unused Assets / (112.1 KB). Loaded Objects now: 4164.
Memory consumption went from 145.7 MB to 145.6 MB.
Total: 2.516200 ms (FindLiveObjects: 0.355000 ms CreateObjectMapping: 0.079700 ms MarkObjects: 1.975300 ms  DeleteObjects: 0.104400 ms)

AssetImportParameters requested are different than current active one (requested -> active):
  custom:video-decoder-ogg-theora: a1e56fd34408186e4bbccfd4996cb3dc -> 
  custom:container-muxer-webm: aa71ff27fc2769a1b78a27578f13a17b -> 
  custom:container-demuxer-webm: 4f35f7cbe854078d1ac9338744f61a02 -> 
  custom:video-encoder-webm-vp8: eb34c28f22e8b96e1ab97ce403110664 -> 
  custom:audio-encoder-webm-vorbis: bf7c407c2cedff20999df2af8eb42d56 -> 
  custom:framework-win-MediaFoundation: 216162199b28c13a410421893ffa2e32 -> 
  custom:container-demuxer-ogg: 62fdf1f143b41e24485cea50d1cbac27 -> 
  custom:video-decoder-webm-vp8: 9c59270c3fd7afecdb556c50c9e8de78 -> 
  custom:audio-decoder-ogg-vorbis: bf7c407c2cedff20999df2af8eb42d56 -> 
========================================================================
Received Import Request.
  Time since last request: 843041.851915 seconds.
  path: Assets/AssetsStoreDownload/BayatGames/Free Platform Game Assets/Chests/New Chests ( Update 1.8.5 )/png/Separate/Model-1/1x/3-1x.png
  artifactKey: Guid(301349a3ba1998c4785fb11cb3771d7f) Importer(815301076,1909f56bfc062723c751e8b465ee728b)
Start importing Assets/AssetsStoreDownload/BayatGames/Free Platform Game Assets/Chests/New Chests ( Update 1.8.5 )/png/Separate/Model-1/1x/3-1x.png using Guid(301349a3ba1998c4785fb11cb3771d7f) Importer(815301076,1909f56bfc062723c751e8b465ee728b)  -> (artifact id: 'dc0d31be1aa6ddda131ef83e23a6ce0a') in 0.104624 seconds 
========================================================================
Received Import Request.
  Time since last request: 0.000025 seconds.
  path: Assets/AssetsStoreDownload/BayatGames/Free Platform Game Assets/Tiles/2.5D Tiles/Winter ( Update 1.9 )/128x128/GrassRight.png
  artifactKey: Guid(2ab95e895b3b5b2478d970022e1a562e) Importer(815301076,1909f56bfc062723c751e8b465ee728b)
Start importing Assets/AssetsStoreDownload/BayatGames/Free Platform Game Assets/Tiles/2.5D Tiles/Winter ( Update 1.9 )/128x128/GrassRight.png using Guid(2ab95e895b3b5b2478d970022e1a562e) Importer(815301076,1909f56bfc062723c751e8b465ee728b)  -> (artifact id: '01b5c20224230dabd334fc8219e02cd0') in 0.017726 seconds 
========================================================================
Received Import Request.
  Time since last request: 0.000020 seconds.
  path: Assets/AssetsStoreDownload/BayatGames/Free Platform Game Assets/Tiles/2.5D Tiles/Winter ( Update 1.9 )/128x128/GrassJoinHillLeft2&Right2 WithDropShadow.png
  artifactKey: Guid(b8b7d3bd8bf3d6f4d90bb3e9bcc09586) Importer(815301076,1909f56bfc062723c751e8b465ee728b)
Start importing Assets/AssetsStoreDownload/BayatGames/Free Platform Game Assets/Tiles/2.5D Tiles/Winter ( Update 1.9 )/128x128/GrassJoinHillLeft2&Right2 WithDropShadow.png using Guid(b8b7d3bd8bf3d6f4d90bb3e9bcc09586) Importer(815301076,1909f56bfc062723c751e8b465ee728b)  -> (artifact id: 'dda2fda306f7aeab0fcf9f63dcff2c54') in 0.015324 seconds 
========================================================================
Received Import Request.
  Time since last request: 0.000029 seconds.
  path: Assets/AssetsStoreDownload/BayatGames/Free Platform Game Assets/Environments/Environments/png/All/1x/Asset 15.png
  artifactKey: Guid(cd9fd908e0dbdc24c84c52e7ebcefde2) Importer(815301076,1909f56bfc062723c751e8b465ee728b)
Start importing Assets/AssetsStoreDownload/BayatGames/Free Platform Game Assets/Environments/Environments/png/All/1x/Asset 15.png using Guid(cd9fd908e0dbdc24c84c52e7ebcefde2) Importer(815301076,1909f56bfc062723c751e8b465ee728b)  -> (artifact id: '305ad0e5f0a30a6cc893140688b096ec') in 0.016067 seconds 
========================================================================
Received Import Request.
  Time since last request: 0.000018 seconds.
  path: Assets/AssetsStoreDownload/BayatGames/Free Platform Game Assets/Environments/Environments/png/All/2x/Asset 15.png
  artifactKey: Guid(3067d59ec56470449adc96cfafdabc04) Importer(815301076,1909f56bfc062723c751e8b465ee728b)
Start importing Assets/AssetsStoreDownload/BayatGames/Free Platform Game Assets/Environments/Environments/png/All/2x/Asset 15.png using Guid(3067d59ec56470449adc96cfafdabc04) Importer(815301076,1909f56bfc062723c751e8b465ee728b)  -> (artifact id: 'f95e5ab8888eb6d7bceb653d1452d7cf') in 0.020788 seconds 
========================================================================
Received Import Request.
  Time since last request: 0.000016 seconds.
  path: Assets/AssetsStoreDownload/BayatGames/Free Platform Game Assets/GUI ( Update 1.7 )/png/Elements1024x512.png
  artifactKey: Guid(f87b1d42a16dc3e4691317c697a89892) Importer(815301076,1909f56bfc062723c751e8b465ee728b)
Start importing Assets/AssetsStoreDownload/BayatGames/Free Platform Game Assets/GUI ( Update 1.7 )/png/Elements1024x512.png using Guid(f87b1d42a16dc3e4691317c697a89892) Importer(815301076,1909f56bfc062723c751e8b465ee728b)  -> (artifact id: '40100310edbe1f078a4c50de15445d1b') in 0.093280 seconds 
========================================================================
Received Import Request.
  Time since last request: 0.000033 seconds.
  path: Assets/AssetsStoreDownload/BayatGames/Free Platform Game Assets/GUI ( Update 1.7 )/png/Empty512x512.png
  artifactKey: Guid(5ef3ca7e743290d448e5e48c3d4ebc9c) Importer(815301076,1909f56bfc062723c751e8b465ee728b)
Start importing Assets/AssetsStoreDownload/BayatGames/Free Platform Game Assets/GUI ( Update 1.7 )/png/Empty512x512.png using Guid(5ef3ca7e743290d448e5e48c3d4ebc9c) Importer(815301076,1909f56bfc062723c751e8b465ee728b)  -> (artifact id: 'c0f2f3f39730805c45ba265f13b08e9a') in 0.040260 seconds 
========================================================================
Received Import Request.
  Time since last request: 0.000020 seconds.
  path: Assets/AssetsStoreDownload/BayatGames/Free Platform Game Assets/Chests/New Chests ( Update 1.8.5 )/png/Sliced/Model-2/4x/Model2-Head-5-4x.png
  artifactKey: Guid(0e258e505b56c834a80eee13abb53126) Importer(815301076,1909f56bfc062723c751e8b465ee728b)
Start importing Assets/AssetsStoreDownload/BayatGames/Free Platform Game Assets/Chests/New Chests ( Update 1.8.5 )/png/Sliced/Model-2/4x/Model2-Head-5-4x.png using Guid(0e258e505b56c834a80eee13abb53126) Importer(815301076,1909f56bfc062723c751e8b465ee728b)  -> (artifact id: '25cf79a28d634dfdc0313dd0bca2b02b') in 0.085282 seconds 
========================================================================
Received Import Request.
  Time since last request: 0.000019 seconds.
  path: Assets/AssetsStoreDownload/BayatGames/Free Platform Game Assets/Backgrounds/Background/png/Clouds/256x256/Cloud_1.png
  artifactKey: Guid(5b0dd6e794df0914c8895afc55887d25) Importer(815301076,1909f56bfc062723c751e8b465ee728b)
Start importing Assets/AssetsStoreDownload/BayatGames/Free Platform Game Assets/Backgrounds/Background/png/Clouds/256x256/Cloud_1.png using Guid(5b0dd6e794df0914c8895afc55887d25) Importer(815301076,1909f56bfc062723c751e8b465ee728b)  -> (artifact id: '2db5c2cc68d36eb6653c28d254c04808') in 0.083262 seconds 
========================================================================
Received Import Request.
  Time since last request: 0.000017 seconds.
  path: Assets/AssetsStoreDownload/BayatGames/Free Platform Game Assets/Enemies/New Enemy ( Update 1.9 )/8x/Square.png
  artifactKey: Guid(a0325b0374e9ebc458051a5756fdef31) Importer(815301076,1909f56bfc062723c751e8b465ee728b)
Start importing Assets/AssetsStoreDownload/BayatGames/Free Platform Game Assets/Enemies/New Enemy ( Update 1.9 )/8x/Square.png using Guid(a0325b0374e9ebc458051a5756fdef31) Importer(815301076,1909f56bfc062723c751e8b465ee728b)  -> (artifact id: '2dd9b7976713fe6fc024aa1e1a560020') in 0.094389 seconds 
========================================================================
Received Import Request.
  Time since last request: 0.000021 seconds.
  path: Assets/AssetsStoreDownload/2D SpritePack/2DPlatformerPack/Platform_1.png
  artifactKey: Guid(8ca1d97dc842aac4ea44172b97562cac) Importer(815301076,1909f56bfc062723c751e8b465ee728b)
Start importing Assets/AssetsStoreDownload/2D SpritePack/2DPlatformerPack/Platform_1.png using Guid(8ca1d97dc842aac4ea44172b97562cac) Importer(815301076,1909f56bfc062723c751e8b465ee728b)  -> (artifact id: '46f2db8e6b770a80df8d36e16cc1ec1f') in 0.102817 seconds 
========================================================================
Received Import Request.
  Time since last request: 0.000048 seconds.
  path: Assets/AssetsStoreDownload/BayatGames/Free Platform Game Assets/Backgrounds/New Background ( Update 1.9 )/png/2048x1024/backgraound/NewBackgraound 2048x1024 (2).png
  artifactKey: Guid(19d733bea3ea2de40bf6d0cfae1ed07b) Importer(815301076,1909f56bfc062723c751e8b465ee728b)
Start importing Assets/AssetsStoreDownload/BayatGames/Free Platform Game Assets/Backgrounds/New Background ( Update 1.9 )/png/2048x1024/backgraound/NewBackgraound 2048x1024 (2).png using Guid(19d733bea3ea2de40bf6d0cfae1ed07b) Importer(815301076,1909f56bfc062723c751e8b465ee728b)  -> (artifact id: '1a82e8e90ea1926b9f26091b863f2ce4') in 0.144886 seconds 
========================================================================
Received Import Request.
  Time since last request: 0.000018 seconds.
  path: Assets/AssetsStoreDownload/BayatGames/Free Platform Game Assets/Tiles/2D Tiles ( Update 1.9 )/Spring/128x128/GrassJoinHillRight2&Left2.png
  artifactKey: Guid(858421e06a9c7b74d85db24c3245a1fd) Importer(815301076,1909f56bfc062723c751e8b465ee728b)
Start importing Assets/AssetsStoreDownload/BayatGames/Free Platform Game Assets/Tiles/2D Tiles ( Update 1.9 )/Spring/128x128/GrassJoinHillRight2&Left2.png using Guid(858421e06a9c7b74d85db24c3245a1fd) Importer(815301076,1909f56bfc062723c751e8b465ee728b)  -> (artifact id: '78b79bf07379f0bb5d1b9867107e6269') in 0.014880 seconds 
========================================================================
Received Import Request.
  Time since last request: 0.000014 seconds.
  path: Assets/AssetsStoreDownload/BayatGames/Free Platform Game Assets/Tiles/2D Tiles ( Update 1.9 )/Winter/128x128/GrassJoinHillRight2.png
  artifactKey: Guid(0175dd202aba8a9418fed5103ad30a4e) Importer(815301076,1909f56bfc062723c751e8b465ee728b)
Start importing Assets/AssetsStoreDownload/BayatGames/Free Platform Game Assets/Tiles/2D Tiles ( Update 1.9 )/Winter/128x128/GrassJoinHillRight2.png using Guid(0175dd202aba8a9418fed5103ad30a4e) Importer(815301076,1909f56bfc062723c751e8b465ee728b)  -> (artifact id: 'ed603f5d584b9ab8504962be3c2d2ffb') in 0.015257 seconds 
========================================================================
Received Import Request.
  Time since last request: 0.000018 seconds.
  path: Assets/AssetsStoreDownload/BayatGames/Free Platform Game Assets/Tiles/2.5D Tiles/Winter ( Update 1.9 )/256x256/GrassCliffRight.png
  artifactKey: Guid(f3efad72608eb924abb65632bdd7885c) Importer(815301076,1909f56bfc062723c751e8b465ee728b)
Start importing Assets/AssetsStoreDownload/BayatGames/Free Platform Game Assets/Tiles/2.5D Tiles/Winter ( Update 1.9 )/256x256/GrassCliffRight.png using Guid(f3efad72608eb924abb65632bdd7885c) Importer(815301076,1909f56bfc062723c751e8b465ee728b)  -> (artifact id: '2e2fa5e26bdc48670eeb4982211e9692') in 0.019378 seconds 
========================================================================
Received Import Request.
  Time since last request: 0.000024 seconds.
  path: Assets/AssetsStoreDownload/2D SpritePack/2DPlatformerPack/Platform_4.png
  artifactKey: Guid(c5b62c192ac41184d9945a978deabdda) Importer(815301076,1909f56bfc062723c751e8b465ee728b)
Start importing Assets/AssetsStoreDownload/2D SpritePack/2DPlatformerPack/Platform_4.png using Guid(c5b62c192ac41184d9945a978deabdda) Importer(815301076,1909f56bfc062723c751e8b465ee728b)  -> (artifact id: 'c08876c101a9d42421c722570d5fd61f') in 0.049248 seconds 
========================================================================
Received Import Request.
  Time since last request: 0.000046 seconds.
  path: Assets/AssetsStoreDownload/BayatGames/Free Platform Game Assets/Enemies/New Enemy ( Update 1.9 )/4x/2D Mac View/eye-3.png
  artifactKey: Guid(f08eb9922bd41d446812f10742c4cb87) Importer(815301076,1909f56bfc062723c751e8b465ee728b)
Start importing Assets/AssetsStoreDownload/BayatGames/Free Platform Game Assets/Enemies/New Enemy ( Update 1.9 )/4x/2D Mac View/eye-3.png using Guid(f08eb9922bd41d446812f10742c4cb87) Importer(815301076,1909f56bfc062723c751e8b465ee728b)  -> (artifact id: '7ca114842a751f44e599d0473148a202') in 0.017291 seconds 
========================================================================
Received Import Request.
  Time since last request: 0.000023 seconds.
  path: Assets/AssetsStoreDownload/BayatGames/Free Platform Game Assets/Tiles/2D Tiles ( Update 1.9 )/Spring/256x256/GrassJoinHillRight2&Left2.png
  artifactKey: Guid(abc819e191dd6ff48b3f3883b97c7247) Importer(815301076,1909f56bfc062723c751e8b465ee728b)
Start importing Assets/AssetsStoreDownload/BayatGames/Free Platform Game Assets/Tiles/2D Tiles ( Update 1.9 )/Spring/256x256/GrassJoinHillRight2&Left2.png using Guid(abc819e191dd6ff48b3f3883b97c7247) Importer(815301076,1909f56bfc062723c751e8b465ee728b)  -> (artifact id: 'd6b643585f2059c9b592b28f9351eaf5') in 0.030589 seconds 
========================================================================
Received Import Request.
  Time since last request: 0.000022 seconds.
  path: Assets/AssetsStoreDownload/BayatGames/Free Platform Game Assets/Tiles/2D Tiles ( Update 1.9 )/Autumn/128x128/GrassJoinHillRight2.png
  artifactKey: Guid(a92e457a2f2fd7c4da172841b810de0d) Importer(815301076,1909f56bfc062723c751e8b465ee728b)
Start importing Assets/AssetsStoreDownload/BayatGames/Free Platform Game Assets/Tiles/2D Tiles ( Update 1.9 )/Autumn/128x128/GrassJoinHillRight2.png using Guid(a92e457a2f2fd7c4da172841b810de0d) Importer(815301076,1909f56bfc062723c751e8b465ee728b)  -> (artifact id: '722b8588dacadb0255e803b4a7a4fd77') in 0.020130 seconds 
========================================================================
Received Import Request.
  Time since last request: 0.000024 seconds.
  path: Assets/AssetsStoreDownload/BayatGames/Free Platform Game Assets/Chests/New Chests ( Update 1.8.5 )/png/Sliced/Model-1/1x/head-7-1x.png
  artifactKey: Guid(423c2dc1df00150459f6a7d1bf27aa9c) Importer(815301076,1909f56bfc062723c751e8b465ee728b)
Start importing Assets/AssetsStoreDownload/BayatGames/Free Platform Game Assets/Chests/New Chests ( Update 1.8.5 )/png/Sliced/Model-1/1x/head-7-1x.png using Guid(423c2dc1df00150459f6a7d1bf27aa9c) Importer(815301076,1909f56bfc062723c751e8b465ee728b)  -> (artifact id: '95e8093278ddd9fec3ae9bd2b9a96f77') in 0.024942 seconds 
========================================================================
Received Import Request.
  Time since last request: 0.000018 seconds.
  path: Assets/AssetsStoreDownload/BayatGames/Free Platform Game Assets/Tiles/2D Tiles ( Update 1.9 )/Winter/128x128/GrassLeft.png
  artifactKey: Guid(046fe8605027eb746a7712a2ccac8a42) Importer(815301076,1909f56bfc062723c751e8b465ee728b)
Start importing Assets/AssetsStoreDownload/BayatGames/Free Platform Game Assets/Tiles/2D Tiles ( Update 1.9 )/Winter/128x128/GrassLeft.png using Guid(046fe8605027eb746a7712a2ccac8a42) Importer(815301076,1909f56bfc062723c751e8b465ee728b)  -> (artifact id: '4bdbb20bab028ea66ea703c136f62bbb') in 0.016997 seconds 
========================================================================
Received Import Request.
  Time since last request: 0.000027 seconds.
  path: Assets/AssetsStoreDownload/2D SpritePack/2DPlatformerPack/Cactus_2.png
  artifactKey: Guid(b7b2431a3cad5b143a45703898abe562) Importer(815301076,1909f56bfc062723c751e8b465ee728b)
Start importing Assets/AssetsStoreDownload/2D SpritePack/2DPlatformerPack/Cactus_2.png using Guid(b7b2431a3cad5b143a45703898abe562) Importer(815301076,1909f56bfc062723c751e8b465ee728b)  -> (artifact id: '19692382899f05d49195d83df96ec11e') in 0.100177 seconds 
========================================================================
Received Import Request.
  Time since last request: 0.000022 seconds.
  path: Assets/AssetsStoreDownload/BayatGames/Free Platform Game Assets/GUI ( Update 1.7 )/png/Elements512x256.png
  artifactKey: Guid(0a1addae9aac34447b1e890a7ae76292) Importer(815301076,1909f56bfc062723c751e8b465ee728b)
Start importing Assets/AssetsStoreDownload/BayatGames/Free Platform Game Assets/GUI ( Update 1.7 )/png/Elements512x256.png using Guid(0a1addae9aac34447b1e890a7ae76292) Importer(815301076,1909f56bfc062723c751e8b465ee728b)  -> (artifact id: '1357bc0540f41116fc3257dfb76876a6') in 0.025009 seconds 
========================================================================
Received Import Request.
  Time since last request: 0.000028 seconds.
  path: Assets/AssetsStoreDownload/BayatGames/Free Platform Game Assets/Backgrounds/New Background ( Update 1.7 )/png/2048x1536/Background/NewBackground2048x1536.png
  artifactKey: Guid(1fca858e6a4b42b4e89903d4daa662c7) Importer(815301076,1909f56bfc062723c751e8b465ee728b)
Start importing Assets/AssetsStoreDownload/BayatGames/Free Platform Game Assets/Backgrounds/New Background ( Update 1.7 )/png/2048x1536/Background/NewBackground2048x1536.png using Guid(1fca858e6a4b42b4e89903d4daa662c7) Importer(815301076,1909f56bfc062723c751e8b465ee728b)  -> (artifact id: '45dcbae975cab456d0620411d3fe4501') in 0.206565 seconds 
========================================================================
Received Import Request.
  Time since last request: 0.000033 seconds.
  path: Assets/AssetsStoreDownload/BayatGames/Free Platform Game Assets/Backgrounds/New Background ( Update 1.9 )/png/2048x1024/backgraound/NewBackgraound 2048x1024.png
  artifactKey: Guid(05c7388edd668bf4e99a771d2331e75c) Importer(815301076,1909f56bfc062723c751e8b465ee728b)
Start importing Assets/AssetsStoreDownload/BayatGames/Free Platform Game Assets/Backgrounds/New Background ( Update 1.9 )/png/2048x1024/backgraound/NewBackgraound 2048x1024.png using Guid(05c7388edd668bf4e99a771d2331e75c) Importer(815301076,1909f56bfc062723c751e8b465ee728b)  -> (artifact id: '08b8317e803c4f63f0512d244f2b0e53') in 0.078659 seconds 
========================================================================
Received Import Request.
  Time since last request: 102.220282 seconds.
  path: Assets/AssetsStoreDownload/2D SpritePack/2DPlatformerPack/Stone_1.png
  artifactKey: Guid(1ca187d7c1ead76428a4ed55eb317f2c) Importer(815301076,1909f56bfc062723c751e8b465ee728b)
Start importing Assets/AssetsStoreDownload/2D SpritePack/2DPlatformerPack/Stone_1.png using Guid(1ca187d7c1ead76428a4ed55eb317f2c) Importer(815301076,1909f56bfc062723c751e8b465ee728b)  -> (artifact id: 'a2cd71e1c0931f1052167858c9832082') in 0.219100 seconds 
========================================================================
Received Import Request.
  Time since last request: 0.000024 seconds.
  path: Assets/AssetsStoreDownload/BayatGames/Free Platform Game Assets/Chests/Chest/png/Sliced/Sliced 1/4x/body-6-4x.png
  artifactKey: Guid(c85525f00896fd6428c8a2c4e2a87d96) Importer(815301076,1909f56bfc062723c751e8b465ee728b)
Start importing Assets/AssetsStoreDownload/BayatGames/Free Platform Game Assets/Chests/Chest/png/Sliced/Sliced 1/4x/body-6-4x.png using Guid(c85525f00896fd6428c8a2c4e2a87d96) Importer(815301076,1909f56bfc062723c751e8b465ee728b)  -> (artifact id: '4dc7bde2b7e5dfa99a16d3eda33d07ac') in 0.079375 seconds 
========================================================================
Received Import Request.
  Time since last request: 0.000033 seconds.
  path: Assets/AssetsStoreDownload/BayatGames/Free Platform Game Assets/Tiles/2D Tiles ( Update 1.9 )/Autumn/128x128/GrassJoinHillLeft2.png
  artifactKey: Guid(1da4f4e304173804ab15aaa0ae2b240d) Importer(815301076,1909f56bfc062723c751e8b465ee728b)
Start importing Assets/AssetsStoreDownload/BayatGames/Free Platform Game Assets/Tiles/2D Tiles ( Update 1.9 )/Autumn/128x128/GrassJoinHillLeft2.png using Guid(1da4f4e304173804ab15aaa0ae2b240d) Importer(815301076,1909f56bfc062723c751e8b465ee728b)  -> (artifact id: '91a45bf455e2441f604982cd29ce553b') in 0.042424 seconds 
========================================================================
Received Import Request.
  Time since last request: 0.000025 seconds.
  path: Assets/AssetsStoreDownload/BayatGames/Free Platform Game Assets/Water Animation/2D view ( Update 1.9 )/512x512/7-4x.png
  artifactKey: Guid(1bbd017b3dbbb4f47916467acaf329bd) Importer(815301076,1909f56bfc062723c751e8b465ee728b)
Start importing Assets/AssetsStoreDownload/BayatGames/Free Platform Game Assets/Water Animation/2D view ( Update 1.9 )/512x512/7-4x.png using Guid(1bbd017b3dbbb4f47916467acaf329bd) Importer(815301076,1909f56bfc062723c751e8b465ee728b)  -> (artifact id: '3778cd38d65e98f2b57538e19b798a3b') in 0.054073 seconds 
========================================================================
Received Import Request.
  Time since last request: 0.000028 seconds.
  path: Assets/AssetsStoreDownload/BayatGames/Free Platform Game Assets/Tiles/2.5D Tiles/Spring/png/512x512/GrassRight.png
  artifactKey: Guid(84c0ea01a5a6f444a9297fe9ab4740b2) Importer(815301076,1909f56bfc062723c751e8b465ee728b)
Start importing Assets/AssetsStoreDownload/BayatGames/Free Platform Game Assets/Tiles/2.5D Tiles/Spring/png/512x512/GrassRight.png using Guid(84c0ea01a5a6f444a9297fe9ab4740b2) Importer(815301076,1909f56bfc062723c751e8b465ee728b)  -> (artifact id: 'c97eb15aaca8815b0ed6b24b9730d526') in 0.042385 seconds 
========================================================================
Received Import Request.
  Time since last request: 0.000022 seconds.
  path: Assets/AssetsStoreDownload/BayatGames/Free Platform Game Assets/Tiles/2D Tiles ( Update 1.9 )/Winter/256x256/GrassCliffMid.png
  artifactKey: Guid(efb913ddabb5991409ac3c8fb61b1e7a) Importer(815301076,1909f56bfc062723c751e8b465ee728b)
Start importing Assets/AssetsStoreDownload/BayatGames/Free Platform Game Assets/Tiles/2D Tiles ( Update 1.9 )/Winter/256x256/GrassCliffMid.png using Guid(efb913ddabb5991409ac3c8fb61b1e7a) Importer(815301076,1909f56bfc062723c751e8b465ee728b)  -> (artifact id: '457e573bfac1f7c3979adb838f8409d9') in 0.032406 seconds 
========================================================================
Received Import Request.
  Time since last request: 0.000020 seconds.
  path: Assets/AssetsStoreDownload/BayatGames/Free Platform Game Assets/Tiles/2D Tiles ( Update 1.9 )/Winter/128x128/GrassJoinHillLeft2.png
  artifactKey: Guid(4eb7d51c6f0dc8d4f816e8f269f2e227) Importer(815301076,1909f56bfc062723c751e8b465ee728b)
Start importing Assets/AssetsStoreDownload/BayatGames/Free Platform Game Assets/Tiles/2D Tiles ( Update 1.9 )/Winter/128x128/GrassJoinHillLeft2.png using Guid(4eb7d51c6f0dc8d4f816e8f269f2e227) Importer(815301076,1909f56bfc062723c751e8b465ee728b)  -> (artifact id: '2d2c6083ebf44c9c1a4037cecef5ec06') in 0.071793 seconds 
========================================================================
Received Import Request.
  Time since last request: 0.000024 seconds.
  path: Assets/AssetsStoreDownload/BayatGames/Free Platform Game Assets/Enemies/Enemies/png/64x64/Spike_Left&Right.png
  artifactKey: Guid(e4790c9a8fc350e4c9040f29229b6792) Importer(815301076,1909f56bfc062723c751e8b465ee728b)
Start importing Assets/AssetsStoreDownload/BayatGames/Free Platform Game Assets/Enemies/Enemies/png/64x64/Spike_Left&Right.png using Guid(e4790c9a8fc350e4c9040f29229b6792) Importer(815301076,1909f56bfc062723c751e8b465ee728b)  -> (artifact id: 'd8a80f2f7ab7276bb7cd04052c932aef') in 0.037269 seconds 
========================================================================
Received Import Request.
  Time since last request: 0.000025 seconds.
  path: Assets/AssetsStoreDownload/BayatGames/Free Platform Game Assets/Tiles/2.5D Tiles/Winter ( Update 1.9 )/512x512/GrassRight.png
  artifactKey: Guid(1b64767a338d0334d9834dbeaa4f0109) Importer(815301076,1909f56bfc062723c751e8b465ee728b)
Start importing Assets/AssetsStoreDownload/BayatGames/Free Platform Game Assets/Tiles/2.5D Tiles/Winter ( Update 1.9 )/512x512/GrassRight.png using Guid(1b64767a338d0334d9834dbeaa4f0109) Importer(815301076,1909f56bfc062723c751e8b465ee728b)  -> (artifact id: 'f45e88139229585d72435f0af065381f') in 0.041491 seconds 
========================================================================
Received Import Request.
  Time since last request: 0.000023 seconds.
  path: Assets/AssetsStoreDownload/BayatGames/Free Platform Game Assets/Chests/Chest/png/Sliced/Sliced 1/4x/body-4-4x.png
  artifactKey: Guid(dc8efce118fc4ae49ae79f970da46e4f) Importer(815301076,1909f56bfc062723c751e8b465ee728b)
Start importing Assets/AssetsStoreDownload/BayatGames/Free Platform Game Assets/Chests/Chest/png/Sliced/Sliced 1/4x/body-4-4x.png using Guid(dc8efce118fc4ae49ae79f970da46e4f) Importer(815301076,1909f56bfc062723c751e8b465ee728b)  -> (artifact id: 'fe5dace96f879a8ceee1744270908a27') in 0.060052 seconds 
========================================================================
Received Import Request.
  Time since last request: 0.000026 seconds.
  path: Assets/AssetsStoreDownload/2D SpritePack/2DPlatformerPack/Resources.png
  artifactKey: Guid(96b31729c8bd12e43896813627177883) Importer(815301076,1909f56bfc062723c751e8b465ee728b)
Start importing Assets/AssetsStoreDownload/2D SpritePack/2DPlatformerPack/Resources.png using Guid(96b31729c8bd12e43896813627177883) Importer(815301076,1909f56bfc062723c751e8b465ee728b)  -> (artifact id: '5fe7eaa6e621f68e802c58a4b05abf41') in 0.115218 seconds 
========================================================================
Received Import Request.
  Time since last request: 0.000035 seconds.
  path: Assets/AssetsStoreDownload/BayatGames/Free Platform Game Assets/Character/Character Source/png/2x/RightHand&Arm.png
  artifactKey: Guid(d7d5c862e10b2e7499411077faf065a4) Importer(815301076,1909f56bfc062723c751e8b465ee728b)
Start importing Assets/AssetsStoreDownload/BayatGames/Free Platform Game Assets/Character/Character Source/png/2x/RightHand&Arm.png using Guid(d7d5c862e10b2e7499411077faf065a4) Importer(815301076,1909f56bfc062723c751e8b465ee728b)  -> (artifact id: 'c77f918a08b1c7af30d1d1e020944606') in 0.015191 seconds 
========================================================================
Received Import Request.
  Time since last request: 0.000031 seconds.
  path: Assets/AssetsStoreDownload/BayatGames/Free Platform Game Assets/Chests/Chest/png/Sliced/Sliced 1/1x/body-5-1x.png
  artifactKey: Guid(e55cbddfd05142c41be69394aeb62a0d) Importer(815301076,1909f56bfc062723c751e8b465ee728b)
Start importing Assets/AssetsStoreDownload/BayatGames/Free Platform Game Assets/Chests/Chest/png/Sliced/Sliced 1/1x/body-5-1x.png using Guid(e55cbddfd05142c41be69394aeb62a0d) Importer(815301076,1909f56bfc062723c751e8b465ee728b)  -> (artifact id: 'bc8cff4041bacfb94745b7c33e91308d') in 0.026845 seconds 
========================================================================
Received Import Request.
  Time since last request: 0.000024 seconds.
  path: Assets/AssetsStoreDownload/BayatGames/Free Platform Game Assets/Chests/New Chests ( Update 1.8.5 )/png/Separate/Model-1/2x/7-2x.png
  artifactKey: Guid(eca487b2e523ad642a10f7d521a94fb2) Importer(815301076,1909f56bfc062723c751e8b465ee728b)
Start importing Assets/AssetsStoreDownload/BayatGames/Free Platform Game Assets/Chests/New Chests ( Update 1.8.5 )/png/Separate/Model-1/2x/7-2x.png using Guid(eca487b2e523ad642a10f7d521a94fb2) Importer(815301076,1909f56bfc062723c751e8b465ee728b)  -> (artifact id: '70444358cc73b35109257ba9b27422bf') in 0.024963 seconds 
========================================================================
Received Import Request.
  Time since last request: 0.000022 seconds.
  path: Assets/AssetsStoreDownload/BayatGames/Free Platform Game Assets/Chests/Chest/png/Sliced/Sliced 1/1x/body-6-1x.png
  artifactKey: Guid(2564ca623be990144a3f38f93bed8b74) Importer(815301076,1909f56bfc062723c751e8b465ee728b)
Start importing Assets/AssetsStoreDownload/BayatGames/Free Platform Game Assets/Chests/Chest/png/Sliced/Sliced 1/1x/body-6-1x.png using Guid(2564ca623be990144a3f38f93bed8b74) Importer(815301076,1909f56bfc062723c751e8b465ee728b)  -> (artifact id: 'd8c206004c410e7a4bb7842b6d824180') in 0.026324 seconds 
========================================================================
Received Import Request.
  Time since last request: 0.000021 seconds.
  path: Assets/AssetsStoreDownload/BayatGames/Free Platform Game Assets/Tiles/2D Tiles ( Update 1.9 )/Autumn/256x256/GrassCliffMid.png
  artifactKey: Guid(f49938fd5e962834d80abcc368229c65) Importer(815301076,1909f56bfc062723c751e8b465ee728b)
Start importing Assets/AssetsStoreDownload/BayatGames/Free Platform Game Assets/Tiles/2D Tiles ( Update 1.9 )/Autumn/256x256/GrassCliffMid.png using Guid(f49938fd5e962834d80abcc368229c65) Importer(815301076,1909f56bfc062723c751e8b465ee728b)  -> (artifact id: '947e24ead8878bbdbdf66fcc9db1db50') in 0.028622 seconds 
========================================================================
Received Import Request.
  Time since last request: 0.000026 seconds.
  path: Assets/AssetsStoreDownload/BayatGames/Free Platform Game Assets/Chests/Chest/png/Sliced/Sliced 1/4x/body-5-4x.png
  artifactKey: Guid(5d3fdb1e93787f644856f66198e948bf) Importer(815301076,1909f56bfc062723c751e8b465ee728b)
Start importing Assets/AssetsStoreDownload/BayatGames/Free Platform Game Assets/Chests/Chest/png/Sliced/Sliced 1/4x/body-5-4x.png using Guid(5d3fdb1e93787f644856f66198e948bf) Importer(815301076,1909f56bfc062723c751e8b465ee728b)  -> (artifact id: '726c6098830b43704df82670b0d139d3') in 0.050607 seconds 
========================================================================
Received Import Request.
  Time since last request: 0.000041 seconds.
  path: Assets/AssetsStoreDownload/BayatGames/Free Platform Game Assets/Tiles/2D Tiles ( Update 1.9 )/Autumn/128x128/GrassCliffMid.png
  artifactKey: Guid(7ba86cf90c6212242a19ed14895d16ac) Importer(815301076,1909f56bfc062723c751e8b465ee728b)
Start importing Assets/AssetsStoreDownload/BayatGames/Free Platform Game Assets/Tiles/2D Tiles ( Update 1.9 )/Autumn/128x128/GrassCliffMid.png using Guid(7ba86cf90c6212242a19ed14895d16ac) Importer(815301076,1909f56bfc062723c751e8b465ee728b)  -> (artifact id: '68fb77002590ff51a8952dcd4a3ef73b') in 0.028726 seconds 
========================================================================
Received Import Request.
  Time since last request: 0.000034 seconds.
  path: Assets/AssetsStoreDownload/BayatGames/Free Platform Game Assets/Tiles/2D Tiles ( Update 1.9 )/Winter/128x128/GrassRight.png
  artifactKey: Guid(cb04c576440da8048a313fe3e4a5bf82) Importer(815301076,1909f56bfc062723c751e8b465ee728b)
Start importing Assets/AssetsStoreDownload/BayatGames/Free Platform Game Assets/Tiles/2D Tiles ( Update 1.9 )/Winter/128x128/GrassRight.png using Guid(cb04c576440da8048a313fe3e4a5bf82) Importer(815301076,1909f56bfc062723c751e8b465ee728b)  -> (artifact id: 'ae641ead1e04b0f92c63cc331e3f39ef') in 0.025520 seconds 
========================================================================
Received Import Request.
  Time since last request: 0.000035 seconds.
  path: Assets/AssetsStoreDownload/BayatGames/Free Platform Game Assets/Tiles/2D Tiles ( Update 1.9 )/Winter/256x256/GrassRight.png
  artifactKey: Guid(807d944831593ac48ac12bef59130538) Importer(815301076,1909f56bfc062723c751e8b465ee728b)
Start importing Assets/AssetsStoreDownload/BayatGames/Free Platform Game Assets/Tiles/2D Tiles ( Update 1.9 )/Winter/256x256/GrassRight.png using Guid(807d944831593ac48ac12bef59130538) Importer(815301076,1909f56bfc062723c751e8b465ee728b)  -> (artifact id: 'cafe0a057c89df3fa396d5c03ab96650') in 0.032253 seconds 
========================================================================
Received Import Request.
  Time since last request: 0.000037 seconds.
  path: Assets/AssetsStoreDownload/BayatGames/Free Platform Game Assets/Character/Character Source/png/4x/RightArm.png
  artifactKey: Guid(d9186e1c6e7e7af42814ff3d20ff83a8) Importer(815301076,1909f56bfc062723c751e8b465ee728b)
Start importing Assets/AssetsStoreDownload/BayatGames/Free Platform Game Assets/Character/Character Source/png/4x/RightArm.png using Guid(d9186e1c6e7e7af42814ff3d20ff83a8) Importer(815301076,1909f56bfc062723c751e8b465ee728b)  -> (artifact id: 'ce7c2838339f0e6bb74b35c718117129') in 0.026910 seconds 
========================================================================
Received Import Request.
  Time since last request: 0.000026 seconds.
  path: Assets/AssetsStoreDownload/BayatGames/Free Platform Game Assets/Tiles/2.5D Tiles/Winter ( Update 1.9 )/128x128/GrassJoindHillLeft.png
  artifactKey: Guid(fbcf619644d091d49adaa4c4e929a363) Importer(815301076,1909f56bfc062723c751e8b465ee728b)
Start importing Assets/AssetsStoreDownload/BayatGames/Free Platform Game Assets/Tiles/2.5D Tiles/Winter ( Update 1.9 )/128x128/GrassJoindHillLeft.png using Guid(fbcf619644d091d49adaa4c4e929a363) Importer(815301076,1909f56bfc062723c751e8b465ee728b)  -> (artifact id: '1d8d2366ab8e57f1d06a54b429ae90c0') in 0.016449 seconds 
Editor requested this worker to shutdown with reason: Scaling down because of idle timeout
AssetImportWorker is now disconnected from the server
Process exiting
Exiting without the bug reporter. Application will terminate with return code 0